Oct 05, 2024 1:59:15 PM aggregationserver.AggregationServer startup
INFO: Aggregation Server started on localhost:4567
Oct 05, 2024 1:59:15 PM aggregationserver.AggregationServer startCleanupDaemon
INFO: Cleanup daemon started.
Oct 05, 2024 1:59:15 PM aggregationserver.AggregationServer listen
INFO: Server is listening on port 4567
Oct 05, 2024 1:59:17 PM aggregationserver.AggregationServer listen
INFO: New client connected
Oct 05, 2024 1:59:17 PM aggregationserver.AggregationServer lambda$main$1
INFO: Shutdown hook triggered.
Oct 05, 2024 4:05:19 PM aggregationserver.AggregationServer startup
INFO: Aggregation Server started on localhost:4567
Oct 05, 2024 4:05:19 PM aggregationserver.AggregationServer startCleanupDaemon
INFO: Cleanup daemon started.
Oct 05, 2024 4:05:19 PM aggregationserver.AggregationServer listen
INFO: Server is listening on port 4567
Oct 05, 2024 4:05:29 PM aggregationserver.AggregationServer cleanJson
INFO: Cleaning up expired data...
Oct 05, 2024 4:05:33 PM aggregationserver.AggregationServer listen
INFO: New client connected
Oct 05, 2024 4:05:39 PM aggregationserver.AggregationServer cleanJson
INFO: Cleaning up expired data...
Oct 05, 2024 4:05:49 PM aggregationserver.AggregationServer cleanJson
INFO: Cleaning up expired data...
Oct 05, 2024 4:05:59 PM aggregationserver.AggregationServer cleanJson
INFO: Cleaning up expired data...
Oct 05, 2024 4:06:09 PM aggregationserver.AggregationServer cleanJson
INFO: Cleaning up expired data...
Oct 05, 2024 4:06:10 PM aggregationserver.AggregationServer listen
INFO: New client connected
Oct 05, 2024 4:06:19 PM aggregationserver.AggregationServer cleanJson
INFO: Cleaning up expired data...
Oct 05, 2024 4:06:29 PM aggregationserver.AggregationServer cleanJson
INFO: Cleaning up expired data...
Oct 05, 2024 4:06:39 PM aggregationserver.AggregationServer cleanJson
INFO: Cleaning up expired data...
Oct 05, 2024 4:06:49 PM aggregationserver.AggregationServer cleanJson
INFO: Cleaning up expired data...
Oct 05, 2024 4:06:59 PM aggregationserver.AggregationServer cleanJson
INFO: Cleaning up expired data...
Oct 05, 2024 4:07:09 PM aggregationserver.AggregationServer cleanJson
INFO: Cleaning up expired data...
Oct 05, 2024 4:07:19 PM aggregationserver.AggregationServer cleanJson
INFO: Cleaning up expired data...
Oct 05, 2024 4:07:29 PM aggregationserver.AggregationServer cleanJson
INFO: Cleaning up expired data...
Oct 05, 2024 4:07:39 PM aggregationserver.AggregationServer cleanJson
INFO: Cleaning up expired data...
Oct 05, 2024 4:07:49 PM aggregationserver.AggregationServer cleanJson
INFO: Cleaning up expired data...
Oct 05, 2024 4:07:59 PM aggregationserver.AggregationServer cleanJson
INFO: Cleaning up expired data...
Oct 05, 2024 4:08:09 PM aggregationserver.AggregationServer cleanJson
INFO: Cleaning up expired data...
Oct 05, 2024 4:08:19 PM aggregationserver.AggregationServer cleanJson
INFO: Cleaning up expired data...
Oct 05, 2024 4:08:29 PM aggregationserver.AggregationServer cleanJson
INFO: Cleaning up expired data...
Oct 05, 2024 4:08:34 PM aggregationserver.AggregationServer lambda$main$1
INFO: Shutdown hook triggered.
Oct 05, 2024 4:09:20 PM aggregationserver.AggregationServer startup
INFO: Aggregation Server started on localhost:4567
Oct 05, 2024 4:09:20 PM aggregationserver.AggregationServer startCleanupDaemon
INFO: Cleanup daemon started.
Oct 05, 2024 4:09:20 PM aggregationserver.AggregationServer listen
INFO: Server is listening on port 4567
Oct 05, 2024 4:09:24 PM aggregationserver.AggregationServer listen
INFO: New client connected
Oct 05, 2024 4:09:30 PM aggregationserver.AggregationServer cleanJson
INFO: Cleaning up expired data...
Oct 05, 2024 4:09:34 PM aggregationserver.AggregationServer listen
INFO: New client connected
Oct 05, 2024 4:09:40 PM aggregationserver.AggregationServer cleanJson
INFO: Cleaning up expired data...
Oct 05, 2024 4:09:50 PM aggregationserver.AggregationServer cleanJson
INFO: Cleaning up expired data...
Oct 05, 2024 4:10:00 PM aggregationserver.AggregationServer cleanJson
INFO: Cleaning up expired data...
Oct 05, 2024 4:10:10 PM aggregationserver.AggregationServer cleanJson
INFO: Cleaning up expired data...
Oct 05, 2024 4:10:20 PM aggregationserver.AggregationServer cleanJson
INFO: Cleaning up expired data...
Oct 05, 2024 4:10:30 PM aggregationserver.AggregationServer cleanJson
INFO: Cleaning up expired data...
Oct 05, 2024 4:10:40 PM aggregationserver.AggregationServer cleanJson
INFO: Cleaning up expired data...
Oct 05, 2024 4:10:50 PM aggregationserver.AggregationServer cleanJson
INFO: Cleaning up expired data...
Oct 05, 2024 4:11:00 PM aggregationserver.AggregationServer cleanJson
INFO: Cleaning up expired data...
Oct 05, 2024 4:11:10 PM aggregationserver.AggregationServer cleanJson
INFO: Cleaning up expired data...
Oct 05, 2024 4:11:20 PM aggregationserver.AggregationServer cleanJson
INFO: Cleaning up expired data...
Oct 05, 2024 4:11:30 PM aggregationserver.AggregationServer cleanJson
INFO: Cleaning up expired data...
Oct 05, 2024 4:11:40 PM aggregationserver.AggregationServer cleanJson
INFO: Cleaning up expired data...
Oct 05, 2024 4:11:50 PM aggregationserver.AggregationServer cleanJson
INFO: Cleaning up expired data...
Oct 05, 2024 4:12:00 PM aggregationserver.AggregationServer cleanJson
INFO: Cleaning up expired data...
Oct 05, 2024 4:12:10 PM aggregationserver.AggregationServer cleanJson
INFO: Cleaning up expired data...
Oct 05, 2024 4:12:20 PM aggregationserver.AggregationServer cleanJson
INFO: Cleaning up expired data...
Oct 05, 2024 4:12:30 PM aggregationserver.AggregationServer cleanJson
INFO: Cleaning up expired data...
Oct 05, 2024 4:12:40 PM aggregationserver.AggregationServer cleanJson
INFO: Cleaning up expired data...
Oct 05, 2024 4:12:50 PM aggregationserver.AggregationServer cleanJson
INFO: Cleaning up expired data...
Oct 05, 2024 4:13:00 PM aggregationserver.AggregationServer cleanJson
INFO: Cleaning up expired data...
Oct 05, 2024 4:13:10 PM aggregationserver.AggregationServer cleanJson
INFO: Cleaning up expired data...
Oct 05, 2024 4:13:20 PM aggregationserver.AggregationServer cleanJson
INFO: Cleaning up expired data...
Oct 05, 2024 4:13:30 PM aggregationserver.AggregationServer cleanJson
INFO: Cleaning up expired data...
Oct 05, 2024 4:13:40 PM aggregationserver.AggregationServer cleanJson
INFO: Cleaning up expired data...
Oct 05, 2024 4:13:50 PM aggregationserver.AggregationServer cleanJson
INFO: Cleaning up expired data...
Oct 05, 2024 4:14:00 PM aggregationserver.AggregationServer cleanJson
INFO: Cleaning up expired data...
Oct 05, 2024 4:14:10 PM aggregationserver.AggregationServer cleanJson
INFO: Cleaning up expired data...
Oct 05, 2024 4:14:20 PM aggregationserver.AggregationServer cleanJson
INFO: Cleaning up expired data...
Oct 05, 2024 4:14:30 PM aggregationserver.AggregationServer cleanJson
INFO: Cleaning up expired data...
Oct 05, 2024 4:14:40 PM aggregationserver.AggregationServer cleanJson
INFO: Cleaning up expired data...
Oct 05, 2024 4:14:50 PM aggregationserver.AggregationServer cleanJson
INFO: Cleaning up expired data...
Oct 05, 2024 4:15:00 PM aggregationserver.AggregationServer cleanJson
INFO: Cleaning up expired data...
Oct 05, 2024 4:15:10 PM aggregationserver.AggregationServer cleanJson
INFO: Cleaning up expired data...
Oct 05, 2024 4:15:20 PM aggregationserver.AggregationServer cleanJson
INFO: Cleaning up expired data...
Oct 05, 2024 4:15:30 PM aggregationserver.AggregationServer cleanJson
INFO: Cleaning up expired data...
Oct 05, 2024 4:15:40 PM aggregationserver.AggregationServer cleanJson
INFO: Cleaning up expired data...
Oct 05, 2024 4:15:50 PM aggregationserver.AggregationServer cleanJson
INFO: Cleaning up expired data...
Oct 05, 2024 4:16:00 PM aggregationserver.AggregationServer cleanJson
INFO: Cleaning up expired data...
Oct 05, 2024 4:16:10 PM aggregationserver.AggregationServer cleanJson
INFO: Cleaning up expired data...
Oct 05, 2024 4:16:20 PM aggregationserver.AggregationServer cleanJson
INFO: Cleaning up expired data...
Oct 05, 2024 4:16:30 PM aggregationserver.AggregationServer cleanJson
INFO: Cleaning up expired data...
Oct 05, 2024 4:16:40 PM aggregationserver.AggregationServer cleanJson
INFO: Cleaning up expired data...
Oct 05, 2024 4:16:50 PM aggregationserver.AggregationServer cleanJson
INFO: Cleaning up expired data...
Oct 05, 2024 4:16:54 PM aggregationserver.AggregationServer listen
INFO: New client connected
Oct 05, 2024 4:17:00 PM aggregationserver.AggregationServer cleanJson
INFO: Cleaning up expired data...
Oct 05, 2024 4:17:10 PM aggregationserver.AggregationServer cleanJson
INFO: Cleaning up expired data...
Oct 05, 2024 4:17:20 PM aggregationserver.AggregationServer cleanJson
INFO: Cleaning up expired data...
Oct 05, 2024 4:17:30 PM aggregationserver.AggregationServer cleanJson
INFO: Cleaning up expired data...
Oct 05, 2024 4:17:40 PM aggregationserver.AggregationServer cleanJson
INFO: Cleaning up expired data...
Oct 05, 2024 4:17:50 PM aggregationserver.AggregationServer cleanJson
INFO: Cleaning up expired data...
Oct 05, 2024 4:18:00 PM aggregationserver.AggregationServer cleanJson
INFO: Cleaning up expired data...
Oct 05, 2024 4:18:10 PM aggregationserver.AggregationServer cleanJson
INFO: Cleaning up expired data...
Oct 05, 2024 4:18:20 PM aggregationserver.AggregationServer cleanJson
INFO: Cleaning up expired data...
Oct 05, 2024 4:18:30 PM aggregationserver.AggregationServer cleanJson
INFO: Cleaning up expired data...
Oct 05, 2024 4:18:35 PM aggregationserver.AggregationServer listen
INFO: New client connected
Oct 05, 2024 4:18:40 PM aggregationserver.AggregationServer cleanJson
INFO: Cleaning up expired data...
Oct 05, 2024 4:18:50 PM aggregationserver.AggregationServer cleanJson
INFO: Cleaning up expired data...
Oct 05, 2024 4:19:00 PM aggregationserver.AggregationServer cleanJson
INFO: Cleaning up expired data...
Oct 05, 2024 4:19:10 PM aggregationserver.AggregationServer cleanJson
INFO: Cleaning up expired data...
Oct 05, 2024 4:19:20 PM aggregationserver.AggregationServer cleanJson
INFO: Cleaning up expired data...
Oct 05, 2024 4:19:30 PM aggregationserver.AggregationServer cleanJson
INFO: Cleaning up expired data...
Oct 05, 2024 4:19:40 PM aggregationserver.AggregationServer cleanJson
INFO: Cleaning up expired data...
Oct 05, 2024 4:19:50 PM aggregationserver.AggregationServer cleanJson
INFO: Cleaning up expired data...
Oct 05, 2024 4:20:00 PM aggregationserver.AggregationServer cleanJson
INFO: Cleaning up expired data...
Oct 05, 2024 4:20:10 PM aggregationserver.AggregationServer cleanJson
INFO: Cleaning up expired data...
Oct 05, 2024 4:20:20 PM aggregationserver.AggregationServer cleanJson
INFO: Cleaning up expired data...
Oct 05, 2024 4:20:30 PM aggregationserver.AggregationServer cleanJson
INFO: Cleaning up expired data...
Oct 05, 2024 4:20:40 PM aggregationserver.AggregationServer cleanJson
INFO: Cleaning up expired data...
Oct 05, 2024 4:20:50 PM aggregationserver.AggregationServer cleanJson
INFO: Cleaning up expired data...
Oct 05, 2024 4:21:00 PM aggregationserver.AggregationServer cleanJson
INFO: Cleaning up expired data...
Oct 05, 2024 4:21:10 PM aggregationserver.AggregationServer cleanJson
INFO: Cleaning up expired data...
Oct 05, 2024 4:21:20 PM aggregationserver.AggregationServer cleanJson
INFO: Cleaning up expired data...
Oct 05, 2024 4:21:30 PM aggregationserver.AggregationServer cleanJson
INFO: Cleaning up expired data...
Oct 05, 2024 4:21:40 PM aggregationserver.AggregationServer cleanJson
INFO: Cleaning up expired data...
Oct 05, 2024 4:21:50 PM aggregationserver.AggregationServer cleanJson
INFO: Cleaning up expired data...
Oct 05, 2024 4:22:00 PM aggregationserver.AggregationServer cleanJson
INFO: Cleaning up expired data...
Oct 05, 2024 4:22:10 PM aggregationserver.AggregationServer cleanJson
INFO: Cleaning up expired data...
Oct 05, 2024 4:22:20 PM aggregationserver.AggregationServer cleanJson
INFO: Cleaning up expired data...
Oct 05, 2024 4:22:30 PM aggregationserver.AggregationServer cleanJson
INFO: Cleaning up expired data...
Oct 05, 2024 4:22:40 PM aggregationserver.AggregationServer cleanJson
INFO: Cleaning up expired data...
Oct 05, 2024 4:22:50 PM aggregationserver.AggregationServer cleanJson
INFO: Cleaning up expired data...
Oct 05, 2024 4:23:00 PM aggregationserver.AggregationServer cleanJson
INFO: Cleaning up expired data...
Oct 05, 2024 4:23:10 PM aggregationserver.AggregationServer cleanJson
INFO: Cleaning up expired data...
Oct 05, 2024 4:23:20 PM aggregationserver.AggregationServer cleanJson
INFO: Cleaning up expired data...
Oct 05, 2024 4:23:30 PM aggregationserver.AggregationServer cleanJson
INFO: Cleaning up expired data...
Oct 05, 2024 4:23:40 PM aggregationserver.AggregationServer cleanJson
INFO: Cleaning up expired data...
Oct 05, 2024 4:23:51 PM aggregationserver.AggregationServer cleanJson
INFO: Cleaning up expired data...
Oct 05, 2024 4:24:01 PM aggregationserver.AggregationServer cleanJson
INFO: Cleaning up expired data...
Oct 05, 2024 4:24:11 PM aggregationserver.AggregationServer cleanJson
INFO: Cleaning up expired data...
Oct 05, 2024 4:24:21 PM aggregationserver.AggregationServer cleanJson
INFO: Cleaning up expired data...
Oct 05, 2024 4:24:31 PM aggregationserver.AggregationServer cleanJson
INFO: Cleaning up expired data...
Oct 05, 2024 4:24:41 PM aggregationserver.AggregationServer cleanJson
INFO: Cleaning up expired data...
Oct 05, 2024 4:24:51 PM aggregationserver.AggregationServer cleanJson
INFO: Cleaning up expired data...
Oct 05, 2024 4:25:01 PM aggregationserver.AggregationServer cleanJson
INFO: Cleaning up expired data...
Oct 05, 2024 4:25:11 PM aggregationserver.AggregationServer cleanJson
INFO: Cleaning up expired data...
Oct 05, 2024 4:25:21 PM aggregationserver.AggregationServer cleanJson
INFO: Cleaning up expired data...
Oct 05, 2024 4:25:31 PM aggregationserver.AggregationServer cleanJson
INFO: Cleaning up expired data...
Oct 05, 2024 4:25:41 PM aggregationserver.AggregationServer cleanJson
INFO: Cleaning up expired data...
Oct 05, 2024 4:25:51 PM aggregationserver.AggregationServer cleanJson
INFO: Cleaning up expired data...
Oct 05, 2024 4:26:01 PM aggregationserver.AggregationServer cleanJson
INFO: Cleaning up expired data...
Oct 05, 2024 4:26:11 PM aggregationserver.AggregationServer cleanJson
INFO: Cleaning up expired data...
Oct 05, 2024 4:26:21 PM aggregationserver.AggregationServer cleanJson
INFO: Cleaning up expired data...
Oct 05, 2024 4:26:31 PM aggregationserver.AggregationServer cleanJson
INFO: Cleaning up expired data...
Oct 05, 2024 4:26:41 PM aggregationserver.AggregationServer cleanJson
INFO: Cleaning up expired data...
Oct 05, 2024 4:26:51 PM aggregationserver.AggregationServer cleanJson
INFO: Cleaning up expired data...
Oct 05, 2024 4:27:01 PM aggregationserver.AggregationServer cleanJson
INFO: Cleaning up expired data...
Oct 05, 2024 4:27:11 PM aggregationserver.AggregationServer cleanJson
INFO: Cleaning up expired data...
Oct 05, 2024 4:27:21 PM aggregationserver.AggregationServer cleanJson
INFO: Cleaning up expired data...
Oct 05, 2024 4:27:31 PM aggregationserver.AggregationServer cleanJson
INFO: Cleaning up expired data...
Oct 05, 2024 4:27:41 PM aggregationserver.AggregationServer cleanJson
INFO: Cleaning up expired data...
Oct 05, 2024 4:27:51 PM aggregationserver.AggregationServer cleanJson
INFO: Cleaning up expired data...
Oct 05, 2024 4:28:01 PM aggregationserver.AggregationServer cleanJson
INFO: Cleaning up expired data...
Oct 05, 2024 4:28:11 PM aggregationserver.AggregationServer cleanJson
INFO: Cleaning up expired data...
Oct 05, 2024 4:28:21 PM aggregationserver.AggregationServer cleanJson
INFO: Cleaning up expired data...
Oct 05, 2024 4:28:31 PM aggregationserver.AggregationServer cleanJson
INFO: Cleaning up expired data...
Oct 05, 2024 4:28:41 PM aggregationserver.AggregationServer cleanJson
INFO: Cleaning up expired data...
Oct 05, 2024 4:28:51 PM aggregationserver.AggregationServer cleanJson
INFO: Cleaning up expired data...
Oct 05, 2024 4:29:01 PM aggregationserver.AggregationServer cleanJson
INFO: Cleaning up expired data...
Oct 05, 2024 4:29:11 PM aggregationserver.AggregationServer cleanJson
INFO: Cleaning up expired data...
Oct 05, 2024 4:29:21 PM aggregationserver.AggregationServer cleanJson
INFO: Cleaning up expired data...
Oct 05, 2024 4:29:31 PM aggregationserver.AggregationServer cleanJson
INFO: Cleaning up expired data...
Oct 05, 2024 4:29:41 PM aggregationserver.AggregationServer cleanJson
INFO: Cleaning up expired data...
Oct 05, 2024 4:29:51 PM aggregationserver.AggregationServer cleanJson
INFO: Cleaning up expired data...
Oct 05, 2024 4:30:01 PM aggregationserver.AggregationServer cleanJson
INFO: Cleaning up expired data...
Oct 05, 2024 4:30:11 PM aggregationserver.AggregationServer cleanJson
INFO: Cleaning up expired data...
Oct 05, 2024 4:30:21 PM aggregationserver.AggregationServer cleanJson
INFO: Cleaning up expired data...
Oct 05, 2024 4:30:31 PM aggregationserver.AggregationServer cleanJson
INFO: Cleaning up expired data...
Oct 05, 2024 4:30:41 PM aggregationserver.AggregationServer cleanJson
INFO: Cleaning up expired data...
Oct 05, 2024 4:30:51 PM aggregationserver.AggregationServer cleanJson
INFO: Cleaning up expired data...
Oct 05, 2024 4:31:01 PM aggregationserver.AggregationServer cleanJson
INFO: Cleaning up expired data...
Oct 05, 2024 4:31:11 PM aggregationserver.AggregationServer cleanJson
INFO: Cleaning up expired data...
Oct 05, 2024 4:31:21 PM aggregationserver.AggregationServer cleanJson
INFO: Cleaning up expired data...
Oct 05, 2024 4:31:31 PM aggregationserver.AggregationServer cleanJson
INFO: Cleaning up expired data...
Oct 05, 2024 4:31:41 PM aggregationserver.AggregationServer cleanJson
INFO: Cleaning up expired data...
Oct 05, 2024 4:31:51 PM aggregationserver.AggregationServer cleanJson
INFO: Cleaning up expired data...
Oct 05, 2024 4:32:01 PM aggregationserver.AggregationServer cleanJson
INFO: Cleaning up expired data...
Oct 05, 2024 4:32:11 PM aggregationserver.AggregationServer cleanJson
INFO: Cleaning up expired data...
Oct 05, 2024 4:32:21 PM aggregationserver.AggregationServer cleanJson
INFO: Cleaning up expired data...
Oct 05, 2024 4:32:31 PM aggregationserver.AggregationServer cleanJson
INFO: Cleaning up expired data...
Oct 05, 2024 4:32:41 PM aggregationserver.AggregationServer cleanJson
INFO: Cleaning up expired data...
Oct 05, 2024 4:32:51 PM aggregationserver.AggregationServer cleanJson
INFO: Cleaning up expired data...
Oct 05, 2024 4:33:01 PM aggregationserver.AggregationServer cleanJson
INFO: Cleaning up expired data...
Oct 05, 2024 4:33:11 PM aggregationserver.AggregationServer cleanJson
INFO: Cleaning up expired data...
Oct 05, 2024 4:33:21 PM aggregationserver.AggregationServer cleanJson
INFO: Cleaning up expired data...
Oct 05, 2024 4:33:31 PM aggregationserver.AggregationServer cleanJson
INFO: Cleaning up expired data...
Oct 05, 2024 4:33:41 PM aggregationserver.AggregationServer cleanJson
INFO: Cleaning up expired data...
Oct 05, 2024 4:33:51 PM aggregationserver.AggregationServer cleanJson
INFO: Cleaning up expired data...
Oct 05, 2024 4:34:01 PM aggregationserver.AggregationServer cleanJson
INFO: Cleaning up expired data...
Oct 05, 2024 4:34:11 PM aggregationserver.AggregationServer cleanJson
INFO: Cleaning up expired data...
Oct 05, 2024 4:34:21 PM aggregationserver.AggregationServer cleanJson
INFO: Cleaning up expired data...
Oct 05, 2024 4:34:31 PM aggregationserver.AggregationServer cleanJson
INFO: Cleaning up expired data...
Oct 05, 2024 4:34:41 PM aggregationserver.AggregationServer cleanJson
INFO: Cleaning up expired data...
Oct 05, 2024 4:34:51 PM aggregationserver.AggregationServer cleanJson
INFO: Cleaning up expired data...
Oct 05, 2024 4:35:01 PM aggregationserver.AggregationServer cleanJson
INFO: Cleaning up expired data...
Oct 05, 2024 4:35:11 PM aggregationserver.AggregationServer cleanJson
INFO: Cleaning up expired data...
Oct 05, 2024 4:35:21 PM aggregationserver.AggregationServer cleanJson
INFO: Cleaning up expired data...
Oct 05, 2024 4:35:31 PM aggregationserver.AggregationServer cleanJson
INFO: Cleaning up expired data...
Oct 05, 2024 4:35:41 PM aggregationserver.AggregationServer cleanJson
INFO: Cleaning up expired data...
Oct 05, 2024 4:35:51 PM aggregationserver.AggregationServer cleanJson
INFO: Cleaning up expired data...
Oct 05, 2024 4:36:01 PM aggregationserver.AggregationServer cleanJson
INFO: Cleaning up expired data...
Oct 05, 2024 4:36:11 PM aggregationserver.AggregationServer cleanJson
INFO: Cleaning up expired data...
Oct 05, 2024 4:36:21 PM aggregationserver.AggregationServer cleanJson
INFO: Cleaning up expired data...
Oct 05, 2024 4:36:31 PM aggregationserver.AggregationServer cleanJson
INFO: Cleaning up expired data...
Oct 05, 2024 4:36:41 PM aggregationserver.AggregationServer cleanJson
INFO: Cleaning up expired data...
Oct 05, 2024 4:36:51 PM aggregationserver.AggregationServer cleanJson
INFO: Cleaning up expired data...
Oct 05, 2024 4:37:01 PM aggregationserver.AggregationServer cleanJson
INFO: Cleaning up expired data...
Oct 05, 2024 4:37:11 PM aggregationserver.AggregationServer cleanJson
INFO: Cleaning up expired data...
Oct 05, 2024 4:37:21 PM aggregationserver.AggregationServer cleanJson
INFO: Cleaning up expired data...
Oct 05, 2024 4:37:31 PM aggregationserver.AggregationServer cleanJson
INFO: Cleaning up expired data...
Oct 05, 2024 4:37:41 PM aggregationserver.AggregationServer cleanJson
INFO: Cleaning up expired data...
Oct 05, 2024 4:37:51 PM aggregationserver.AggregationServer cleanJson
INFO: Cleaning up expired data...
Oct 05, 2024 4:38:01 PM aggregationserver.AggregationServer cleanJson
INFO: Cleaning up expired data...
Oct 05, 2024 4:38:11 PM aggregationserver.AggregationServer cleanJson
INFO: Cleaning up expired data...
Oct 05, 2024 4:38:21 PM aggregationserver.AggregationServer cleanJson
INFO: Cleaning up expired data...
Oct 05, 2024 4:38:31 PM aggregationserver.AggregationServer cleanJson
INFO: Cleaning up expired data...
Oct 05, 2024 4:38:41 PM aggregationserver.AggregationServer cleanJson
INFO: Cleaning up expired data...
Oct 05, 2024 4:38:51 PM aggregationserver.AggregationServer cleanJson
INFO: Cleaning up expired data...
Oct 05, 2024 4:39:01 PM aggregationserver.AggregationServer cleanJson
INFO: Cleaning up expired data...
Oct 05, 2024 4:39:11 PM aggregationserver.AggregationServer cleanJson
INFO: Cleaning up expired data...
Oct 05, 2024 4:39:21 PM aggregationserver.AggregationServer cleanJson
INFO: Cleaning up expired data...
Oct 05, 2024 4:39:31 PM aggregationserver.AggregationServer cleanJson
INFO: Cleaning up expired data...
Oct 05, 2024 4:39:41 PM aggregationserver.AggregationServer cleanJson
INFO: Cleaning up expired data...
Oct 05, 2024 4:39:51 PM aggregationserver.AggregationServer cleanJson
INFO: Cleaning up expired data...
Oct 05, 2024 4:40:01 PM aggregationserver.AggregationServer cleanJson
INFO: Cleaning up expired data...
Oct 05, 2024 4:40:11 PM aggregationserver.AggregationServer cleanJson
INFO: Cleaning up expired data...
Oct 05, 2024 4:40:21 PM aggregationserver.AggregationServer cleanJson
INFO: Cleaning up expired data...
Oct 05, 2024 4:40:31 PM aggregationserver.AggregationServer cleanJson
INFO: Cleaning up expired data...
Oct 05, 2024 4:40:41 PM aggregationserver.AggregationServer cleanJson
INFO: Cleaning up expired data...
Oct 05, 2024 4:40:51 PM aggregationserver.AggregationServer cleanJson
INFO: Cleaning up expired data...
Oct 05, 2024 4:41:01 PM aggregationserver.AggregationServer cleanJson
INFO: Cleaning up expired data...
Oct 05, 2024 4:41:11 PM aggregationserver.AggregationServer cleanJson
INFO: Cleaning up expired data...
Oct 05, 2024 4:41:21 PM aggregationserver.AggregationServer cleanJson
INFO: Cleaning up expired data...
Oct 05, 2024 4:41:31 PM aggregationserver.AggregationServer cleanJson
INFO: Cleaning up expired data...
Oct 05, 2024 4:41:41 PM aggregationserver.AggregationServer cleanJson
INFO: Cleaning up expired data...
Oct 05, 2024 4:41:51 PM aggregationserver.AggregationServer cleanJson
INFO: Cleaning up expired data...
Oct 05, 2024 4:42:01 PM aggregationserver.AggregationServer cleanJson
INFO: Cleaning up expired data...
Oct 05, 2024 4:42:11 PM aggregationserver.AggregationServer cleanJson
INFO: Cleaning up expired data...
Oct 05, 2024 4:42:21 PM aggregationserver.AggregationServer cleanJson
INFO: Cleaning up expired data...
Oct 05, 2024 4:42:31 PM aggregationserver.AggregationServer cleanJson
INFO: Cleaning up expired data...
Oct 05, 2024 4:42:41 PM aggregationserver.AggregationServer cleanJson
INFO: Cleaning up expired data...
Oct 05, 2024 4:42:51 PM aggregationserver.AggregationServer cleanJson
INFO: Cleaning up expired data...
Oct 05, 2024 4:43:01 PM aggregationserver.AggregationServer cleanJson
INFO: Cleaning up expired data...
Oct 05, 2024 4:43:11 PM aggregationserver.AggregationServer cleanJson
INFO: Cleaning up expired data...
Oct 05, 2024 4:43:21 PM aggregationserver.AggregationServer cleanJson
INFO: Cleaning up expired data...
Oct 05, 2024 4:43:31 PM aggregationserver.AggregationServer cleanJson
INFO: Cleaning up expired data...
Oct 05, 2024 4:43:41 PM aggregationserver.AggregationServer cleanJson
INFO: Cleaning up expired data...
Oct 05, 2024 4:43:51 PM aggregationserver.AggregationServer cleanJson
INFO: Cleaning up expired data...
Oct 05, 2024 4:44:01 PM aggregationserver.AggregationServer cleanJson
INFO: Cleaning up expired data...
Oct 05, 2024 4:44:11 PM aggregationserver.AggregationServer cleanJson
INFO: Cleaning up expired data...
Oct 05, 2024 4:44:21 PM aggregationserver.AggregationServer cleanJson
INFO: Cleaning up expired data...
Oct 05, 2024 4:44:31 PM aggregationserver.AggregationServer cleanJson
INFO: Cleaning up expired data...
Oct 05, 2024 4:44:41 PM aggregationserver.AggregationServer cleanJson
INFO: Cleaning up expired data...
Oct 05, 2024 4:44:51 PM aggregationserver.AggregationServer cleanJson
INFO: Cleaning up expired data...
Oct 05, 2024 4:45:01 PM aggregationserver.AggregationServer cleanJson
INFO: Cleaning up expired data...
Oct 05, 2024 4:45:11 PM aggregationserver.AggregationServer cleanJson
INFO: Cleaning up expired data...
Oct 05, 2024 4:45:21 PM aggregationserver.AggregationServer cleanJson
INFO: Cleaning up expired data...
Oct 05, 2024 4:45:31 PM aggregationserver.AggregationServer cleanJson
INFO: Cleaning up expired data...
Oct 05, 2024 4:45:41 PM aggregationserver.AggregationServer cleanJson
INFO: Cleaning up expired data...
Oct 05, 2024 4:45:52 PM aggregationserver.AggregationServer cleanJson
INFO: Cleaning up expired data...
Oct 05, 2024 4:46:02 PM aggregationserver.AggregationServer cleanJson
INFO: Cleaning up expired data...
Oct 05, 2024 4:46:12 PM aggregationserver.AggregationServer cleanJson
INFO: Cleaning up expired data...
Oct 05, 2024 4:46:22 PM aggregationserver.AggregationServer cleanJson
INFO: Cleaning up expired data...
Oct 05, 2024 4:46:32 PM aggregationserver.AggregationServer cleanJson
INFO: Cleaning up expired data...
Oct 05, 2024 4:46:42 PM aggregationserver.AggregationServer cleanJson
INFO: Cleaning up expired data...
Oct 05, 2024 4:46:52 PM aggregationserver.AggregationServer cleanJson
INFO: Cleaning up expired data...
Oct 05, 2024 4:47:02 PM aggregationserver.AggregationServer cleanJson
INFO: Cleaning up expired data...
Oct 05, 2024 4:47:12 PM aggregationserver.AggregationServer cleanJson
INFO: Cleaning up expired data...
Oct 05, 2024 4:47:22 PM aggregationserver.AggregationServer cleanJson
INFO: Cleaning up expired data...
Oct 05, 2024 4:47:32 PM aggregationserver.AggregationServer cleanJson
INFO: Cleaning up expired data...
Oct 05, 2024 4:47:42 PM aggregationserver.AggregationServer cleanJson
INFO: Cleaning up expired data...
Oct 05, 2024 4:47:52 PM aggregationserver.AggregationServer cleanJson
INFO: Cleaning up expired data...
Oct 05, 2024 4:48:02 PM aggregationserver.AggregationServer cleanJson
INFO: Cleaning up expired data...
Oct 05, 2024 4:48:12 PM aggregationserver.AggregationServer cleanJson
INFO: Cleaning up expired data...
Oct 05, 2024 4:48:22 PM aggregationserver.AggregationServer cleanJson
INFO: Cleaning up expired data...
Oct 05, 2024 4:48:32 PM aggregationserver.AggregationServer cleanJson
INFO: Cleaning up expired data...
Oct 05, 2024 4:48:42 PM aggregationserver.AggregationServer cleanJson
INFO: Cleaning up expired data...
Oct 05, 2024 4:48:52 PM aggregationserver.AggregationServer cleanJson
INFO: Cleaning up expired data...
Oct 05, 2024 4:49:02 PM aggregationserver.AggregationServer cleanJson
INFO: Cleaning up expired data...
Oct 05, 2024 4:49:12 PM aggregationserver.AggregationServer cleanJson
INFO: Cleaning up expired data...
Oct 05, 2024 4:49:22 PM aggregationserver.AggregationServer cleanJson
INFO: Cleaning up expired data...
Oct 05, 2024 4:49:32 PM aggregationserver.AggregationServer cleanJson
INFO: Cleaning up expired data...
Oct 05, 2024 4:49:42 PM aggregationserver.AggregationServer cleanJson
INFO: Cleaning up expired data...
Oct 05, 2024 4:49:52 PM aggregationserver.AggregationServer cleanJson
INFO: Cleaning up expired data...
Oct 05, 2024 4:50:02 PM aggregationserver.AggregationServer cleanJson
INFO: Cleaning up expired data...
Oct 05, 2024 4:50:12 PM aggregationserver.AggregationServer cleanJson
INFO: Cleaning up expired data...
Oct 05, 2024 4:50:22 PM aggregationserver.AggregationServer cleanJson
INFO: Cleaning up expired data...
Oct 05, 2024 4:50:32 PM aggregationserver.AggregationServer cleanJson
INFO: Cleaning up expired data...
Oct 05, 2024 4:50:42 PM aggregationserver.AggregationServer cleanJson
INFO: Cleaning up expired data...
Oct 05, 2024 4:50:52 PM aggregationserver.AggregationServer cleanJson
INFO: Cleaning up expired data...
Oct 05, 2024 4:51:02 PM aggregationserver.AggregationServer cleanJson
INFO: Cleaning up expired data...
Oct 05, 2024 4:51:12 PM aggregationserver.AggregationServer cleanJson
INFO: Cleaning up expired data...
Oct 05, 2024 4:51:22 PM aggregationserver.AggregationServer cleanJson
INFO: Cleaning up expired data...
Oct 05, 2024 4:51:32 PM aggregationserver.AggregationServer cleanJson
INFO: Cleaning up expired data...
Oct 05, 2024 4:51:42 PM aggregationserver.AggregationServer cleanJson
INFO: Cleaning up expired data...
Oct 05, 2024 4:51:52 PM aggregationserver.AggregationServer cleanJson
INFO: Cleaning up expired data...
Oct 05, 2024 4:52:02 PM aggregationserver.AggregationServer cleanJson
INFO: Cleaning up expired data...
Oct 05, 2024 4:52:12 PM aggregationserver.AggregationServer cleanJson
INFO: Cleaning up expired data...
Oct 05, 2024 4:52:22 PM aggregationserver.AggregationServer cleanJson
INFO: Cleaning up expired data...
Oct 05, 2024 4:52:32 PM aggregationserver.AggregationServer cleanJson
INFO: Cleaning up expired data...
Oct 05, 2024 4:52:42 PM aggregationserver.AggregationServer cleanJson
INFO: Cleaning up expired data...
Oct 05, 2024 4:52:52 PM aggregationserver.AggregationServer cleanJson
INFO: Cleaning up expired data...
Oct 05, 2024 4:53:02 PM aggregationserver.AggregationServer cleanJson
INFO: Cleaning up expired data...
Oct 05, 2024 4:53:12 PM aggregationserver.AggregationServer cleanJson
INFO: Cleaning up expired data...
Oct 05, 2024 4:53:22 PM aggregationserver.AggregationServer cleanJson
INFO: Cleaning up expired data...
Oct 05, 2024 4:53:32 PM aggregationserver.AggregationServer cleanJson
INFO: Cleaning up expired data...
Oct 05, 2024 4:53:42 PM aggregationserver.AggregationServer cleanJson
INFO: Cleaning up expired data...
Oct 05, 2024 4:53:52 PM aggregationserver.AggregationServer cleanJson
INFO: Cleaning up expired data...
Oct 05, 2024 4:54:02 PM aggregationserver.AggregationServer cleanJson
INFO: Cleaning up expired data...
Oct 05, 2024 4:54:12 PM aggregationserver.AggregationServer cleanJson
INFO: Cleaning up expired data...
Oct 05, 2024 4:54:22 PM aggregationserver.AggregationServer cleanJson
INFO: Cleaning up expired data...
Oct 05, 2024 4:54:32 PM aggregationserver.AggregationServer cleanJson
INFO: Cleaning up expired data...
Oct 05, 2024 4:54:42 PM aggregationserver.AggregationServer cleanJson
INFO: Cleaning up expired data...
Oct 05, 2024 4:54:52 PM aggregationserver.AggregationServer cleanJson
INFO: Cleaning up expired data...
Oct 05, 2024 4:55:02 PM aggregationserver.AggregationServer cleanJson
INFO: Cleaning up expired data...
Oct 05, 2024 4:55:12 PM aggregationserver.AggregationServer cleanJson
INFO: Cleaning up expired data...
Oct 05, 2024 4:55:22 PM aggregationserver.AggregationServer cleanJson
INFO: Cleaning up expired data...
Oct 05, 2024 4:55:32 PM aggregationserver.AggregationServer cleanJson
INFO: Cleaning up expired data...
Oct 05, 2024 4:55:42 PM aggregationserver.AggregationServer cleanJson
INFO: Cleaning up expired data...
Oct 05, 2024 4:55:52 PM aggregationserver.AggregationServer cleanJson
INFO: Cleaning up expired data...
Oct 05, 2024 4:56:02 PM aggregationserver.AggregationServer cleanJson
INFO: Cleaning up expired data...
Oct 05, 2024 4:56:12 PM aggregationserver.AggregationServer cleanJson
INFO: Cleaning up expired data...
Oct 05, 2024 4:56:22 PM aggregationserver.AggregationServer cleanJson
INFO: Cleaning up expired data...
Oct 05, 2024 4:56:32 PM aggregationserver.AggregationServer cleanJson
INFO: Cleaning up expired data...
Oct 05, 2024 4:56:42 PM aggregationserver.AggregationServer cleanJson
INFO: Cleaning up expired data...
Oct 05, 2024 4:56:52 PM aggregationserver.AggregationServer cleanJson
INFO: Cleaning up expired data...
Oct 05, 2024 4:57:02 PM aggregationserver.AggregationServer cleanJson
INFO: Cleaning up expired data...
Oct 05, 2024 4:57:12 PM aggregationserver.AggregationServer cleanJson
INFO: Cleaning up expired data...
Oct 05, 2024 4:57:22 PM aggregationserver.AggregationServer cleanJson
INFO: Cleaning up expired data...
Oct 05, 2024 4:57:32 PM aggregationserver.AggregationServer cleanJson
INFO: Cleaning up expired data...
Oct 05, 2024 4:57:42 PM aggregationserver.AggregationServer cleanJson
INFO: Cleaning up expired data...
Oct 05, 2024 4:57:52 PM aggregationserver.AggregationServer cleanJson
INFO: Cleaning up expired data...
Oct 05, 2024 4:58:02 PM aggregationserver.AggregationServer cleanJson
INFO: Cleaning up expired data...
Oct 05, 2024 4:58:12 PM aggregationserver.AggregationServer cleanJson
INFO: Cleaning up expired data...
Oct 05, 2024 4:58:22 PM aggregationserver.AggregationServer cleanJson
INFO: Cleaning up expired data...
Oct 05, 2024 4:58:32 PM aggregationserver.AggregationServer cleanJson
INFO: Cleaning up expired data...
Oct 05, 2024 4:58:42 PM aggregationserver.AggregationServer cleanJson
INFO: Cleaning up expired data...
Oct 05, 2024 4:58:52 PM aggregationserver.AggregationServer cleanJson
INFO: Cleaning up expired data...
Oct 05, 2024 4:59:02 PM aggregationserver.AggregationServer cleanJson
INFO: Cleaning up expired data...
Oct 05, 2024 4:59:12 PM aggregationserver.AggregationServer cleanJson
INFO: Cleaning up expired data...
Oct 05, 2024 4:59:22 PM aggregationserver.AggregationServer cleanJson
INFO: Cleaning up expired data...
Oct 05, 2024 4:59:32 PM aggregationserver.AggregationServer cleanJson
INFO: Cleaning up expired data...
Oct 05, 2024 4:59:42 PM aggregationserver.AggregationServer cleanJson
INFO: Cleaning up expired data...
Oct 05, 2024 4:59:52 PM aggregationserver.AggregationServer cleanJson
INFO: Cleaning up expired data...
Oct 05, 2024 5:00:02 PM aggregationserver.AggregationServer cleanJson
INFO: Cleaning up expired data...
Oct 05, 2024 5:00:12 PM aggregationserver.AggregationServer cleanJson
INFO: Cleaning up expired data...
Oct 05, 2024 5:00:22 PM aggregationserver.AggregationServer cleanJson
INFO: Cleaning up expired data...
Oct 05, 2024 5:00:32 PM aggregationserver.AggregationServer cleanJson
INFO: Cleaning up expired data...
Oct 05, 2024 5:00:42 PM aggregationserver.AggregationServer cleanJson
INFO: Cleaning up expired data...
Oct 05, 2024 5:00:52 PM aggregationserver.AggregationServer cleanJson
INFO: Cleaning up expired data...
Oct 05, 2024 5:01:02 PM aggregationserver.AggregationServer cleanJson
INFO: Cleaning up expired data...
Oct 05, 2024 5:01:12 PM aggregationserver.AggregationServer cleanJson
INFO: Cleaning up expired data...
Oct 05, 2024 5:01:22 PM aggregationserver.AggregationServer cleanJson
INFO: Cleaning up expired data...
Oct 05, 2024 5:01:32 PM aggregationserver.AggregationServer cleanJson
INFO: Cleaning up expired data...
Oct 05, 2024 5:01:42 PM aggregationserver.AggregationServer cleanJson
INFO: Cleaning up expired data...
Oct 05, 2024 5:01:52 PM aggregationserver.AggregationServer cleanJson
INFO: Cleaning up expired data...
Oct 05, 2024 5:02:02 PM aggregationserver.AggregationServer cleanJson
INFO: Cleaning up expired data...
Oct 05, 2024 5:02:12 PM aggregationserver.AggregationServer cleanJson
INFO: Cleaning up expired data...
Oct 05, 2024 5:02:22 PM aggregationserver.AggregationServer cleanJson
INFO: Cleaning up expired data...
Oct 05, 2024 5:02:32 PM aggregationserver.AggregationServer cleanJson
INFO: Cleaning up expired data...
Oct 05, 2024 5:02:42 PM aggregationserver.AggregationServer cleanJson
INFO: Cleaning up expired data...
Oct 05, 2024 5:02:52 PM aggregationserver.AggregationServer cleanJson
INFO: Cleaning up expired data...
Oct 05, 2024 5:03:02 PM aggregationserver.AggregationServer cleanJson
INFO: Cleaning up expired data...
Oct 05, 2024 5:03:12 PM aggregationserver.AggregationServer cleanJson
INFO: Cleaning up expired data...
Oct 05, 2024 5:03:22 PM aggregationserver.AggregationServer cleanJson
INFO: Cleaning up expired data...
Oct 05, 2024 5:03:32 PM aggregationserver.AggregationServer cleanJson
INFO: Cleaning up expired data...
Oct 05, 2024 5:03:42 PM aggregationserver.AggregationServer cleanJson
INFO: Cleaning up expired data...
Oct 05, 2024 5:03:52 PM aggregationserver.AggregationServer cleanJson
INFO: Cleaning up expired data...
Oct 05, 2024 5:04:02 PM aggregationserver.AggregationServer cleanJson
INFO: Cleaning up expired data...
Oct 05, 2024 5:04:12 PM aggregationserver.AggregationServer cleanJson
INFO: Cleaning up expired data...
Oct 05, 2024 5:04:22 PM aggregationserver.AggregationServer cleanJson
INFO: Cleaning up expired data...
Oct 05, 2024 5:04:32 PM aggregationserver.AggregationServer cleanJson
INFO: Cleaning up expired data...
Oct 05, 2024 5:04:42 PM aggregationserver.AggregationServer cleanJson
INFO: Cleaning up expired data...
Oct 05, 2024 5:04:52 PM aggregationserver.AggregationServer cleanJson
INFO: Cleaning up expired data...
Oct 05, 2024 5:05:02 PM aggregationserver.AggregationServer cleanJson
INFO: Cleaning up expired data...
Oct 05, 2024 5:05:12 PM aggregationserver.AggregationServer cleanJson
INFO: Cleaning up expired data...
Oct 05, 2024 5:05:22 PM aggregationserver.AggregationServer cleanJson
INFO: Cleaning up expired data...
Oct 05, 2024 5:05:32 PM aggregationserver.AggregationServer cleanJson
INFO: Cleaning up expired data...
Oct 05, 2024 5:05:42 PM aggregationserver.AggregationServer cleanJson
INFO: Cleaning up expired data...
Oct 05, 2024 5:05:52 PM aggregationserver.AggregationServer cleanJson
INFO: Cleaning up expired data...
Oct 05, 2024 5:06:02 PM aggregationserver.AggregationServer cleanJson
INFO: Cleaning up expired data...
Oct 05, 2024 5:06:12 PM aggregationserver.AggregationServer cleanJson
INFO: Cleaning up expired data...
Oct 05, 2024 5:06:22 PM aggregationserver.AggregationServer cleanJson
INFO: Cleaning up expired data...
Oct 05, 2024 5:06:32 PM aggregationserver.AggregationServer cleanJson
INFO: Cleaning up expired data...
Oct 05, 2024 5:06:42 PM aggregationserver.AggregationServer cleanJson
INFO: Cleaning up expired data...
Oct 05, 2024 5:06:52 PM aggregationserver.AggregationServer cleanJson
INFO: Cleaning up expired data...
Oct 05, 2024 5:07:02 PM aggregationserver.AggregationServer cleanJson
INFO: Cleaning up expired data...
Oct 05, 2024 5:07:12 PM aggregationserver.AggregationServer cleanJson
INFO: Cleaning up expired data...
Oct 05, 2024 5:07:22 PM aggregationserver.AggregationServer cleanJson
INFO: Cleaning up expired data...
Oct 05, 2024 5:07:32 PM aggregationserver.AggregationServer cleanJson
INFO: Cleaning up expired data...
Oct 05, 2024 5:07:42 PM aggregationserver.AggregationServer cleanJson
INFO: Cleaning up expired data...
Oct 05, 2024 5:07:52 PM aggregationserver.AggregationServer cleanJson
INFO: Cleaning up expired data...
Oct 05, 2024 5:08:02 PM aggregationserver.AggregationServer cleanJson
INFO: Cleaning up expired data...
Oct 05, 2024 5:08:12 PM aggregationserver.AggregationServer cleanJson
INFO: Cleaning up expired data...
Oct 05, 2024 5:08:22 PM aggregationserver.AggregationServer cleanJson
INFO: Cleaning up expired data...
Oct 05, 2024 5:08:32 PM aggregationserver.AggregationServer cleanJson
INFO: Cleaning up expired data...
Oct 05, 2024 5:08:42 PM aggregationserver.AggregationServer cleanJson
INFO: Cleaning up expired data...
Oct 05, 2024 5:08:52 PM aggregationserver.AggregationServer cleanJson
INFO: Cleaning up expired data...
Oct 05, 2024 5:09:02 PM aggregationserver.AggregationServer cleanJson
INFO: Cleaning up expired data...
Oct 05, 2024 5:09:12 PM aggregationserver.AggregationServer cleanJson
INFO: Cleaning up expired data...
Oct 05, 2024 5:09:22 PM aggregationserver.AggregationServer cleanJson
INFO: Cleaning up expired data...
Oct 05, 2024 5:09:32 PM aggregationserver.AggregationServer cleanJson
INFO: Cleaning up expired data...
Oct 05, 2024 5:09:42 PM aggregationserver.AggregationServer cleanJson
INFO: Cleaning up expired data...
Oct 05, 2024 5:09:52 PM aggregationserver.AggregationServer cleanJson
INFO: Cleaning up expired data...
Oct 05, 2024 5:10:02 PM aggregationserver.AggregationServer cleanJson
INFO: Cleaning up expired data...
Oct 05, 2024 5:10:12 PM aggregationserver.AggregationServer cleanJson
INFO: Cleaning up expired data...
Oct 05, 2024 5:10:22 PM aggregationserver.AggregationServer cleanJson
INFO: Cleaning up expired data...
Oct 05, 2024 5:10:32 PM aggregationserver.AggregationServer cleanJson
INFO: Cleaning up expired data...
Oct 05, 2024 5:10:42 PM aggregationserver.AggregationServer cleanJson
INFO: Cleaning up expired data...
Oct 05, 2024 5:10:52 PM aggregationserver.AggregationServer cleanJson
INFO: Cleaning up expired data...
Oct 05, 2024 5:11:03 PM aggregationserver.AggregationServer cleanJson
INFO: Cleaning up expired data...
Oct 05, 2024 5:11:13 PM aggregationserver.AggregationServer cleanJson
INFO: Cleaning up expired data...
Oct 05, 2024 5:11:23 PM aggregationserver.AggregationServer cleanJson
INFO: Cleaning up expired data...
Oct 05, 2024 5:11:33 PM aggregationserver.AggregationServer cleanJson
INFO: Cleaning up expired data...
Oct 05, 2024 5:11:43 PM aggregationserver.AggregationServer cleanJson
INFO: Cleaning up expired data...
Oct 05, 2024 5:11:53 PM aggregationserver.AggregationServer cleanJson
INFO: Cleaning up expired data...
Oct 05, 2024 5:12:03 PM aggregationserver.AggregationServer cleanJson
INFO: Cleaning up expired data...
Oct 05, 2024 5:12:13 PM aggregationserver.AggregationServer cleanJson
INFO: Cleaning up expired data...
Oct 05, 2024 5:12:23 PM aggregationserver.AggregationServer cleanJson
INFO: Cleaning up expired data...
Oct 05, 2024 5:12:33 PM aggregationserver.AggregationServer cleanJson
INFO: Cleaning up expired data...
Oct 05, 2024 5:12:43 PM aggregationserver.AggregationServer cleanJson
INFO: Cleaning up expired data...
Oct 05, 2024 5:12:53 PM aggregationserver.AggregationServer cleanJson
INFO: Cleaning up expired data...
Oct 05, 2024 5:13:03 PM aggregationserver.AggregationServer cleanJson
INFO: Cleaning up expired data...
Oct 05, 2024 5:13:13 PM aggregationserver.AggregationServer cleanJson
INFO: Cleaning up expired data...
Oct 05, 2024 5:13:23 PM aggregationserver.AggregationServer cleanJson
INFO: Cleaning up expired data...
Oct 05, 2024 5:13:33 PM aggregationserver.AggregationServer cleanJson
INFO: Cleaning up expired data...
Oct 05, 2024 5:13:43 PM aggregationserver.AggregationServer cleanJson
INFO: Cleaning up expired data...
Oct 05, 2024 5:13:53 PM aggregationserver.AggregationServer cleanJson
INFO: Cleaning up expired data...
Oct 05, 2024 5:14:03 PM aggregationserver.AggregationServer cleanJson
INFO: Cleaning up expired data...
Oct 05, 2024 5:14:13 PM aggregationserver.AggregationServer cleanJson
INFO: Cleaning up expired data...
Oct 05, 2024 5:14:23 PM aggregationserver.AggregationServer cleanJson
INFO: Cleaning up expired data...
Oct 05, 2024 5:14:33 PM aggregationserver.AggregationServer cleanJson
INFO: Cleaning up expired data...
Oct 05, 2024 5:14:43 PM aggregationserver.AggregationServer cleanJson
INFO: Cleaning up expired data...
Oct 05, 2024 5:14:53 PM aggregationserver.AggregationServer cleanJson
INFO: Cleaning up expired data...
Oct 05, 2024 5:15:03 PM aggregationserver.AggregationServer cleanJson
INFO: Cleaning up expired data...
Oct 05, 2024 5:15:13 PM aggregationserver.AggregationServer cleanJson
INFO: Cleaning up expired data...
Oct 05, 2024 5:15:23 PM aggregationserver.AggregationServer cleanJson
INFO: Cleaning up expired data...
Oct 05, 2024 5:15:33 PM aggregationserver.AggregationServer cleanJson
INFO: Cleaning up expired data...
Oct 05, 2024 5:15:43 PM aggregationserver.AggregationServer cleanJson
INFO: Cleaning up expired data...
Oct 05, 2024 5:15:53 PM aggregationserver.AggregationServer cleanJson
INFO: Cleaning up expired data...
Oct 05, 2024 5:16:03 PM aggregationserver.AggregationServer cleanJson
INFO: Cleaning up expired data...
Oct 05, 2024 5:16:13 PM aggregationserver.AggregationServer cleanJson
INFO: Cleaning up expired data...
Oct 05, 2024 5:16:23 PM aggregationserver.AggregationServer cleanJson
INFO: Cleaning up expired data...
Oct 05, 2024 5:16:33 PM aggregationserver.AggregationServer cleanJson
INFO: Cleaning up expired data...
Oct 05, 2024 5:16:43 PM aggregationserver.AggregationServer cleanJson
INFO: Cleaning up expired data...
Oct 05, 2024 5:16:53 PM aggregationserver.AggregationServer cleanJson
INFO: Cleaning up expired data...
Oct 05, 2024 5:17:03 PM aggregationserver.AggregationServer cleanJson
INFO: Cleaning up expired data...
Oct 05, 2024 5:17:13 PM aggregationserver.AggregationServer cleanJson
INFO: Cleaning up expired data...
Oct 05, 2024 5:17:23 PM aggregationserver.AggregationServer cleanJson
INFO: Cleaning up expired data...
Oct 05, 2024 5:17:33 PM aggregationserver.AggregationServer cleanJson
INFO: Cleaning up expired data...
Oct 05, 2024 5:17:43 PM aggregationserver.AggregationServer cleanJson
INFO: Cleaning up expired data...
Oct 05, 2024 5:17:53 PM aggregationserver.AggregationServer cleanJson
INFO: Cleaning up expired data...
Oct 05, 2024 5:18:03 PM aggregationserver.AggregationServer cleanJson
INFO: Cleaning up expired data...
Oct 05, 2024 5:18:13 PM aggregationserver.AggregationServer cleanJson
INFO: Cleaning up expired data...
Oct 05, 2024 5:18:23 PM aggregationserver.AggregationServer cleanJson
INFO: Cleaning up expired data...
Oct 05, 2024 5:18:33 PM aggregationserver.AggregationServer cleanJson
INFO: Cleaning up expired data...
Oct 05, 2024 5:18:43 PM aggregationserver.AggregationServer cleanJson
INFO: Cleaning up expired data...
Oct 05, 2024 5:18:53 PM aggregationserver.AggregationServer cleanJson
INFO: Cleaning up expired data...
Oct 05, 2024 5:19:03 PM aggregationserver.AggregationServer cleanJson
INFO: Cleaning up expired data...
Oct 05, 2024 5:19:13 PM aggregationserver.AggregationServer cleanJson
INFO: Cleaning up expired data...
Oct 05, 2024 5:19:13 PM aggregationserver.AggregationServer listen
INFO: New client connected
Oct 05, 2024 5:19:23 PM aggregationserver.AggregationServer cleanJson
INFO: Cleaning up expired data...
Oct 05, 2024 5:19:33 PM aggregationserver.AggregationServer cleanJson
INFO: Cleaning up expired data...
Oct 05, 2024 5:19:43 PM aggregationserver.AggregationServer cleanJson
INFO: Cleaning up expired data...
Oct 05, 2024 5:19:53 PM aggregationserver.AggregationServer cleanJson
INFO: Cleaning up expired data...
Oct 05, 2024 5:20:03 PM aggregationserver.AggregationServer cleanJson
INFO: Cleaning up expired data...
Oct 05, 2024 5:20:13 PM aggregationserver.AggregationServer cleanJson
INFO: Cleaning up expired data...
Oct 05, 2024 5:20:23 PM aggregationserver.AggregationServer cleanJson
INFO: Cleaning up expired data...
Oct 05, 2024 5:20:33 PM aggregationserver.AggregationServer cleanJson
INFO: Cleaning up expired data...
Oct 05, 2024 5:20:43 PM aggregationserver.AggregationServer cleanJson
INFO: Cleaning up expired data...
Oct 05, 2024 5:20:53 PM aggregationserver.AggregationServer cleanJson
INFO: Cleaning up expired data...
Oct 05, 2024 5:21:03 PM aggregationserver.AggregationServer cleanJson
INFO: Cleaning up expired data...
Oct 05, 2024 5:21:13 PM aggregationserver.AggregationServer cleanJson
INFO: Cleaning up expired data...
Oct 05, 2024 5:21:23 PM aggregationserver.AggregationServer cleanJson
INFO: Cleaning up expired data...
Oct 05, 2024 5:21:33 PM aggregationserver.AggregationServer cleanJson
INFO: Cleaning up expired data...
Oct 05, 2024 5:21:43 PM aggregationserver.AggregationServer cleanJson
INFO: Cleaning up expired data...
Oct 05, 2024 5:21:53 PM aggregationserver.AggregationServer cleanJson
INFO: Cleaning up expired data...
Oct 05, 2024 5:22:03 PM aggregationserver.AggregationServer cleanJson
INFO: Cleaning up expired data...
Oct 05, 2024 5:22:13 PM aggregationserver.AggregationServer cleanJson
INFO: Cleaning up expired data...
Oct 05, 2024 5:22:23 PM aggregationserver.AggregationServer cleanJson
INFO: Cleaning up expired data...
Oct 05, 2024 5:22:33 PM aggregationserver.AggregationServer cleanJson
INFO: Cleaning up expired data...
Oct 05, 2024 5:22:43 PM aggregationserver.AggregationServer cleanJson
INFO: Cleaning up expired data...
Oct 05, 2024 5:22:53 PM aggregationserver.AggregationServer cleanJson
INFO: Cleaning up expired data...
Oct 05, 2024 5:23:03 PM aggregationserver.AggregationServer cleanJson
INFO: Cleaning up expired data...
Oct 05, 2024 5:23:13 PM aggregationserver.AggregationServer cleanJson
INFO: Cleaning up expired data...
Oct 05, 2024 5:23:23 PM aggregationserver.AggregationServer cleanJson
INFO: Cleaning up expired data...
Oct 05, 2024 5:23:33 PM aggregationserver.AggregationServer cleanJson
INFO: Cleaning up expired data...
Oct 05, 2024 5:23:43 PM aggregationserver.AggregationServer cleanJson
INFO: Cleaning up expired data...
Oct 05, 2024 5:23:53 PM aggregationserver.AggregationServer cleanJson
INFO: Cleaning up expired data...
Oct 05, 2024 5:24:03 PM aggregationserver.AggregationServer cleanJson
INFO: Cleaning up expired data...
Oct 05, 2024 5:24:13 PM aggregationserver.AggregationServer cleanJson
INFO: Cleaning up expired data...
Oct 05, 2024 5:24:23 PM aggregationserver.AggregationServer cleanJson
INFO: Cleaning up expired data...
Oct 05, 2024 5:24:33 PM aggregationserver.AggregationServer cleanJson
INFO: Cleaning up expired data...
Oct 05, 2024 5:24:43 PM aggregationserver.AggregationServer cleanJson
INFO: Cleaning up expired data...
Oct 05, 2024 5:24:53 PM aggregationserver.AggregationServer cleanJson
INFO: Cleaning up expired data...
Oct 05, 2024 5:25:03 PM aggregationserver.AggregationServer cleanJson
INFO: Cleaning up expired data...
Oct 05, 2024 5:25:13 PM aggregationserver.AggregationServer cleanJson
INFO: Cleaning up expired data...
Oct 05, 2024 5:25:23 PM aggregationserver.AggregationServer cleanJson
INFO: Cleaning up expired data...
Oct 05, 2024 5:25:28 PM aggregationserver.AggregationServer lambda$main$1
INFO: Shutdown hook triggered.
Oct 05, 2024 5:25:49 PM aggregationserver.AggregationServer startup
INFO: Aggregation Server started on localhost:4567
Oct 05, 2024 5:25:49 PM aggregationserver.AggregationServer startCleanupDaemon
INFO: Cleanup daemon started.
Oct 05, 2024 5:25:49 PM aggregationserver.AggregationServer listen
INFO: Server is listening on port 4567
Oct 05, 2024 5:25:54 PM aggregationserver.AggregationServer listen
INFO: New client connected
Oct 05, 2024 5:34:29 PM AggregationServer cleanJson
INFO: Cleaning up expired data...
Oct 05, 2024 5:34:39 PM AggregationServer cleanJson
INFO: Cleaning up expired data...
Oct 05, 2024 5:34:49 PM AggregationServer cleanJson
INFO: Cleaning up expired data...
Oct 05, 2024 5:34:59 PM AggregationServer cleanJson
INFO: Cleaning up expired data...
Oct 05, 2024 5:35:09 PM AggregationServer cleanJson
INFO: Cleaning up expired data...
Oct 05, 2024 5:35:19 PM AggregationServer cleanJson
INFO: Cleaning up expired data...
Oct 05, 2024 5:35:29 PM AggregationServer cleanJson
INFO: Cleaning up expired data...
Oct 05, 2024 5:35:39 PM AggregationServer cleanJson
INFO: Cleaning up expired data...
Oct 05, 2024 5:35:49 PM AggregationServer cleanJson
INFO: Cleaning up expired data...
Oct 05, 2024 5:35:59 PM AggregationServer cleanJson
INFO: Cleaning up expired data...
Oct 05, 2024 5:36:10 PM AggregationServer cleanJson
INFO: Cleaning up expired data...
Oct 05, 2024 5:36:20 PM AggregationServer cleanJson
INFO: Cleaning up expired data...
Oct 05, 2024 5:36:30 PM AggregationServer cleanJson
INFO: Cleaning up expired data...
Oct 05, 2024 5:36:40 PM AggregationServer cleanJson
INFO: Cleaning up expired data...
Oct 05, 2024 5:36:50 PM AggregationServer cleanJson
INFO: Cleaning up expired data...
Oct 05, 2024 5:37:00 PM AggregationServer cleanJson
INFO: Cleaning up expired data...
Oct 05, 2024 5:37:10 PM AggregationServer cleanJson
INFO: Cleaning up expired data...
Oct 05, 2024 5:37:20 PM AggregationServer cleanJson
INFO: Cleaning up expired data...
Oct 05, 2024 5:37:30 PM AggregationServer cleanJson
INFO: Cleaning up expired data...
Oct 05, 2024 5:37:40 PM AggregationServer cleanJson
INFO: Cleaning up expired data...
Oct 05, 2024 5:37:50 PM AggregationServer cleanJson
INFO: Cleaning up expired data...
Oct 05, 2024 5:38:00 PM AggregationServer cleanJson
INFO: Cleaning up expired data...
Oct 05, 2024 5:38:10 PM AggregationServer cleanJson
INFO: Cleaning up expired data...
Oct 05, 2024 5:38:20 PM AggregationServer cleanJson
INFO: Cleaning up expired data...
Oct 05, 2024 5:38:30 PM AggregationServer cleanJson
INFO: Cleaning up expired data...
Oct 05, 2024 5:38:40 PM AggregationServer cleanJson
INFO: Cleaning up expired data...
Oct 05, 2024 5:38:50 PM AggregationServer cleanJson
INFO: Cleaning up expired data...
Oct 05, 2024 5:39:00 PM AggregationServer cleanJson
INFO: Cleaning up expired data...
Oct 05, 2024 5:39:10 PM AggregationServer cleanJson
INFO: Cleaning up expired data...
Oct 05, 2024 5:39:20 PM AggregationServer cleanJson
INFO: Cleaning up expired data...
Oct 05, 2024 5:39:30 PM AggregationServer cleanJson
INFO: Cleaning up expired data...
Oct 05, 2024 5:39:40 PM AggregationServer cleanJson
INFO: Cleaning up expired data...
Oct 05, 2024 5:39:50 PM AggregationServer cleanJson
INFO: Cleaning up expired data...
Oct 05, 2024 5:40:00 PM AggregationServer cleanJson
INFO: Cleaning up expired data...
Oct 05, 2024 5:40:10 PM AggregationServer cleanJson
INFO: Cleaning up expired data...
Oct 05, 2024 5:40:20 PM AggregationServer cleanJson
INFO: Cleaning up expired data...
Oct 05, 2024 5:40:30 PM AggregationServer cleanJson
INFO: Cleaning up expired data...
Oct 05, 2024 5:41:58 PM aggregationserver.AggregationServer startup
INFO: Aggregation Server started on localhost:4567
Oct 05, 2024 5:41:58 PM aggregationserver.AggregationServer startCleanupDaemon
INFO: Cleanup daemon started.
Oct 05, 2024 5:41:58 PM aggregationserver.AggregationServer listen
INFO: Server is listening on port 4567
Oct 05, 2024 5:42:08 PM aggregationserver.AggregationServer cleanJson
INFO: Cleaning up expired data...
Oct 05, 2024 5:42:18 PM aggregationserver.AggregationServer cleanJson
INFO: Cleaning up expired data...
Oct 05, 2024 5:42:18 PM aggregationserver.AggregationServer listen
INFO: New client connected
Oct 05, 2024 5:42:27 PM aggregationserver.AggregationServer listen
INFO: New client connected
Oct 05, 2024 5:42:28 PM aggregationserver.AggregationServer cleanJson
INFO: Cleaning up expired data...
Oct 05, 2024 5:42:38 PM aggregationserver.AggregationServer cleanJson
INFO: Cleaning up expired data...
Oct 05, 2024 5:42:48 PM aggregationserver.AggregationServer cleanJson
INFO: Cleaning up expired data...
Oct 05, 2024 5:42:58 PM aggregationserver.AggregationServer cleanJson
INFO: Cleaning up expired data...
Oct 05, 2024 5:43:08 PM aggregationserver.AggregationServer cleanJson
INFO: Cleaning up expired data...
Oct 05, 2024 5:43:18 PM aggregationserver.AggregationServer cleanJson
INFO: Cleaning up expired data...
Oct 05, 2024 5:43:28 PM aggregationserver.AggregationServer cleanJson
INFO: Cleaning up expired data...
Oct 05, 2024 5:43:38 PM aggregationserver.AggregationServer cleanJson
INFO: Cleaning up expired data...
Oct 05, 2024 5:43:48 PM aggregationserver.AggregationServer cleanJson
INFO: Cleaning up expired data...
Oct 05, 2024 5:43:58 PM aggregationserver.AggregationServer cleanJson
INFO: Cleaning up expired data...
Oct 05, 2024 5:44:08 PM aggregationserver.AggregationServer cleanJson
INFO: Cleaning up expired data...
Oct 05, 2024 5:44:18 PM aggregationserver.AggregationServer cleanJson
INFO: Cleaning up expired data...
Oct 05, 2024 5:44:28 PM aggregationserver.AggregationServer cleanJson
INFO: Cleaning up expired data...
Oct 05, 2024 5:44:38 PM aggregationserver.AggregationServer cleanJson
INFO: Cleaning up expired data...
Oct 05, 2024 5:44:48 PM aggregationserver.AggregationServer cleanJson
INFO: Cleaning up expired data...
Oct 05, 2024 5:44:58 PM aggregationserver.AggregationServer cleanJson
INFO: Cleaning up expired data...
Oct 05, 2024 5:45:08 PM aggregationserver.AggregationServer cleanJson
INFO: Cleaning up expired data...
Oct 05, 2024 5:45:18 PM aggregationserver.AggregationServer cleanJson
INFO: Cleaning up expired data...
Oct 05, 2024 5:45:28 PM aggregationserver.AggregationServer cleanJson
INFO: Cleaning up expired data...
Oct 05, 2024 5:45:38 PM aggregationserver.AggregationServer cleanJson
INFO: Cleaning up expired data...
Oct 05, 2024 5:45:48 PM aggregationserver.AggregationServer cleanJson
INFO: Cleaning up expired data...
Oct 05, 2024 5:45:58 PM aggregationserver.AggregationServer cleanJson
INFO: Cleaning up expired data...
Oct 05, 2024 5:46:08 PM aggregationserver.AggregationServer cleanJson
INFO: Cleaning up expired data...
Oct 05, 2024 5:46:18 PM aggregationserver.AggregationServer cleanJson
INFO: Cleaning up expired data...
Oct 05, 2024 5:46:28 PM aggregationserver.AggregationServer cleanJson
INFO: Cleaning up expired data...
Oct 05, 2024 5:46:38 PM aggregationserver.AggregationServer cleanJson
INFO: Cleaning up expired data...
Oct 05, 2024 5:46:48 PM aggregationserver.AggregationServer cleanJson
INFO: Cleaning up expired data...
Oct 05, 2024 5:46:58 PM aggregationserver.AggregationServer cleanJson
INFO: Cleaning up expired data...
Oct 05, 2024 5:47:08 PM aggregationserver.AggregationServer cleanJson
INFO: Cleaning up expired data...
Oct 05, 2024 5:47:18 PM aggregationserver.AggregationServer cleanJson
INFO: Cleaning up expired data...
Oct 05, 2024 5:47:28 PM aggregationserver.AggregationServer cleanJson
INFO: Cleaning up expired data...
Oct 05, 2024 5:47:38 PM aggregationserver.AggregationServer cleanJson
INFO: Cleaning up expired data...
Oct 05, 2024 5:47:48 PM aggregationserver.AggregationServer cleanJson
INFO: Cleaning up expired data...
Oct 05, 2024 5:47:58 PM aggregationserver.AggregationServer cleanJson
INFO: Cleaning up expired data...
Oct 05, 2024 5:48:08 PM aggregationserver.AggregationServer cleanJson
INFO: Cleaning up expired data...
Oct 05, 2024 5:48:18 PM aggregationserver.AggregationServer cleanJson
INFO: Cleaning up expired data...
Oct 05, 2024 5:48:28 PM aggregationserver.AggregationServer cleanJson
INFO: Cleaning up expired data...
Oct 05, 2024 5:48:38 PM aggregationserver.AggregationServer cleanJson
INFO: Cleaning up expired data...
Oct 05, 2024 5:48:48 PM aggregationserver.AggregationServer cleanJson
INFO: Cleaning up expired data...
Oct 05, 2024 5:48:58 PM aggregationserver.AggregationServer cleanJson
INFO: Cleaning up expired data...
Oct 05, 2024 5:49:08 PM aggregationserver.AggregationServer cleanJson
INFO: Cleaning up expired data...
Oct 05, 2024 5:49:18 PM aggregationserver.AggregationServer cleanJson
INFO: Cleaning up expired data...
Oct 05, 2024 5:49:28 PM aggregationserver.AggregationServer cleanJson
INFO: Cleaning up expired data...
Oct 05, 2024 5:49:38 PM aggregationserver.AggregationServer cleanJson
INFO: Cleaning up expired data...
Oct 05, 2024 5:49:48 PM aggregationserver.AggregationServer cleanJson
INFO: Cleaning up expired data...
Oct 05, 2024 5:49:58 PM aggregationserver.AggregationServer cleanJson
INFO: Cleaning up expired data...
Oct 05, 2024 5:50:08 PM aggregationserver.AggregationServer cleanJson
INFO: Cleaning up expired data...
Oct 05, 2024 5:50:18 PM aggregationserver.AggregationServer cleanJson
INFO: Cleaning up expired data...
Oct 05, 2024 5:50:28 PM aggregationserver.AggregationServer cleanJson
INFO: Cleaning up expired data...
Oct 05, 2024 5:50:38 PM aggregationserver.AggregationServer cleanJson
INFO: Cleaning up expired data...
Oct 05, 2024 5:50:48 PM aggregationserver.AggregationServer cleanJson
INFO: Cleaning up expired data...
Oct 05, 2024 5:50:58 PM aggregationserver.AggregationServer cleanJson
INFO: Cleaning up expired data...
Oct 05, 2024 5:51:08 PM aggregationserver.AggregationServer cleanJson
INFO: Cleaning up expired data...
Oct 05, 2024 5:51:18 PM aggregationserver.AggregationServer cleanJson
INFO: Cleaning up expired data...
Oct 05, 2024 5:51:28 PM aggregationserver.AggregationServer cleanJson
INFO: Cleaning up expired data...
Oct 05, 2024 5:51:38 PM aggregationserver.AggregationServer cleanJson
INFO: Cleaning up expired data...
Oct 05, 2024 5:51:48 PM aggregationserver.AggregationServer cleanJson
INFO: Cleaning up expired data...
Oct 05, 2024 5:51:58 PM aggregationserver.AggregationServer cleanJson
INFO: Cleaning up expired data...
Oct 05, 2024 5:52:08 PM aggregationserver.AggregationServer cleanJson
INFO: Cleaning up expired data...
Oct 05, 2024 5:52:18 PM aggregationserver.AggregationServer cleanJson
INFO: Cleaning up expired data...
Oct 05, 2024 5:52:28 PM aggregationserver.AggregationServer cleanJson
INFO: Cleaning up expired data...
Oct 05, 2024 5:52:38 PM aggregationserver.AggregationServer cleanJson
INFO: Cleaning up expired data...
Oct 05, 2024 5:52:48 PM aggregationserver.AggregationServer cleanJson
INFO: Cleaning up expired data...
Oct 05, 2024 5:52:58 PM aggregationserver.AggregationServer cleanJson
INFO: Cleaning up expired data...
Oct 05, 2024 5:53:08 PM aggregationserver.AggregationServer cleanJson
INFO: Cleaning up expired data...
Oct 05, 2024 5:53:18 PM aggregationserver.AggregationServer cleanJson
INFO: Cleaning up expired data...
Oct 05, 2024 5:53:28 PM aggregationserver.AggregationServer cleanJson
INFO: Cleaning up expired data...
Oct 05, 2024 5:53:38 PM aggregationserver.AggregationServer cleanJson
INFO: Cleaning up expired data...
Oct 05, 2024 5:53:48 PM aggregationserver.AggregationServer cleanJson
INFO: Cleaning up expired data...
Oct 05, 2024 5:53:58 PM aggregationserver.AggregationServer cleanJson
INFO: Cleaning up expired data...
Oct 05, 2024 5:54:08 PM aggregationserver.AggregationServer cleanJson
INFO: Cleaning up expired data...
Oct 05, 2024 5:54:18 PM aggregationserver.AggregationServer cleanJson
INFO: Cleaning up expired data...
Oct 05, 2024 5:54:21 PM aggregationserver.AggregationServer lambda$main$1
INFO: Shutdown hook triggered.
Oct 05, 2024 5:54:28 PM aggregationserver.AggregationServer startup
INFO: Aggregation Server started on localhost:4567
Oct 05, 2024 5:54:28 PM aggregationserver.AggregationServer listen
INFO: Server is listening on port 4567
Oct 05, 2024 5:54:33 PM aggregationserver.AggregationServer lambda$main$0
INFO: Shutdown hook triggered.
Oct 05, 2024 5:54:44 PM aggregationserver.AggregationServer startup
INFO: Aggregation Server started on localhost:4567
Oct 05, 2024 5:54:44 PM aggregationserver.AggregationServer listen
INFO: Server is listening on port 4567
Oct 05, 2024 5:54:55 PM aggregationserver.AggregationServer listen
INFO: New client connected
Oct 05, 2024 5:56:45 PM aggregationserver.AggregationServer listen
INFO: New client connected
Oct 05, 2024 5:57:33 PM aggregationserver.AggregationServer listen
INFO: New client connected
Oct 05, 2024 5:59:58 PM aggregationserver.AggregationServer listen
INFO: New client connected
Oct 05, 2024 6:00:08 PM aggregationserver.AggregationServer lambda$main$0
INFO: Shutdown hook triggered.
Oct 05, 2024 6:00:19 PM aggregationserver.AggregationServer startup
INFO: Aggregation Server started on localhost:4567
Oct 05, 2024 6:00:19 PM aggregationserver.AggregationServer listen
INFO: Server is listening on port 4567
Oct 05, 2024 6:00:29 PM aggregationserver.AggregationServer listen
INFO: New client connected
Oct 06, 2024 5:36:39 PM aggregationserver.AggregationServer listen
INFO: New client connected
Oct 06, 2024 5:36:56 PM aggregationserver.AggregationServer lambda$main$0
INFO: Shutdown hook triggered.
Oct 06, 2024 5:37:24 PM aggregationserver.AggregationServer startup
INFO: Aggregation Server started on localhost:4567
Oct 06, 2024 5:37:24 PM aggregationserver.AggregationServer listen
INFO: Server is listening on port 4567
Oct 06, 2024 5:37:32 PM aggregationserver.AggregationServer listen
INFO: New client connected
Oct 06, 2024 5:38:07 PM aggregationserver.AggregationServer lambda$main$0
INFO: Shutdown hook triggered.
Oct 06, 2024 5:38:15 PM aggregationserver.AggregationServer startup
INFO: Aggregation Server started on localhost:4567
Oct 06, 2024 5:38:15 PM aggregationserver.AggregationServer listen
INFO: Server is listening on port 4567
Oct 06, 2024 5:38:18 PM aggregationserver.AggregationServer listen
INFO: New client connected
Oct 06, 2024 5:38:50 PM aggregationserver.AggregationServer lambda$0
INFO: Shutdown hook triggered.
Oct 06, 2024 5:38:56 PM aggregationserver.AggregationServer startup
INFO: Aggregation Server started on localhost:4567
Oct 06, 2024 5:38:56 PM aggregationserver.AggregationServer listen
INFO: Server is listening on port 4567
Oct 06, 2024 5:38:58 PM aggregationserver.AggregationServer listen
INFO: New client connected
Oct 06, 2024 5:56:38 PM aggregationserver.AggregationServer listen
INFO: New client connected
Oct 06, 2024 7:57:12 PM aggregationserver.AggregationServer lambda$0
INFO: Shutdown hook triggered.
Oct 06, 2024 7:57:17 PM aggregationserver.AggregationServer startup
INFO: Aggregation Server started on localhost:4567
Oct 06, 2024 7:57:17 PM aggregationserver.AggregationServer listen
INFO: Server is listening on port 4567
Oct 06, 2024 7:58:19 PM aggregationserver.AggregationServer listen
INFO: New client connected
Oct 06, 2024 8:15:29 PM aggregationserver.AggregationServer listen
INFO: New client connected
Oct 06, 2024 8:15:36 PM aggregationserver.AggregationServer lambda$0
INFO: Shutdown hook triggered.
Oct 06, 2024 8:21:56 PM aggregationserver.AggregationServer startup
INFO: Aggregation Server started on localhost:4567
Oct 06, 2024 8:21:56 PM aggregationserver.AggregationServer listen
INFO: Server is listening on port 4567
Oct 06, 2024 8:22:03 PM aggregationserver.AggregationServer listen
INFO: New client connected
Oct 06, 2024 8:24:08 PM aggregationserver.AggregationServer listen
INFO: New client connected
Oct 06, 2024 8:24:18 PM aggregationserver.AggregationServer listen
INFO: New client connected
Oct 06, 2024 8:24:58 PM aggregationserver.AggregationServer listen
INFO: New client connected
Oct 06, 2024 8:25:10 PM aggregationserver.AggregationServer listen
INFO: New client connected
Oct 06, 2024 8:34:06 PM aggregationserver.AggregationServer listen
INFO: New client connected
Oct 06, 2024 8:34:32 PM aggregationserver.AggregationServer startup
INFO: Aggregation Server started on localhost:4567
Oct 06, 2024 8:34:32 PM aggregationserver.AggregationServer listen
INFO: Server is listening on port 4567
Oct 06, 2024 8:34:34 PM aggregationserver.AggregationServer listen
INFO: New client connected
Oct 06, 2024 8:34:38 PM aggregationserver.AggregationServer listen
INFO: New client connected
Oct 06, 2024 8:38:07 PM aggregationserver.AggregationServer lambda$main$0
INFO: Shutdown hook triggered.
Oct 06, 2024 8:38:26 PM aggregationserver.AggregationServer startup
INFO: Aggregation Server started on localhost:4567
Oct 06, 2024 8:38:26 PM aggregationserver.AggregationServer listen
INFO: Server is listening on port 4567
Oct 06, 2024 8:38:30 PM aggregationserver.AggregationServer listen
INFO: New client connected
Oct 06, 2024 8:39:53 PM aggregationserver.AggregationServer lambda$main$0
INFO: Shutdown hook triggered.
Oct 06, 2024 8:39:59 PM aggregationserver.AggregationServer startup
INFO: Aggregation Server started on localhost:4567
Oct 06, 2024 8:39:59 PM aggregationserver.AggregationServer listen
INFO: Server is listening on port 4567
Oct 06, 2024 8:40:02 PM aggregationserver.AggregationServer listen
INFO: New client connected
Oct 06, 2024 8:42:39 PM aggregationserver.AggregationServer listen
INFO: New client connected
Oct 06, 2024 8:50:15 PM aggregationserver.AggregationServer lambda$main$0
INFO: Shutdown hook triggered.
Oct 06, 2024 8:50:24 PM aggregationserver.AggregationServer startup
INFO: Aggregation Server started on localhost:4567
Oct 06, 2024 8:50:24 PM aggregationserver.AggregationServer listen
INFO: Server is listening on port 4567
Oct 06, 2024 8:50:51 PM aggregationserver.AggregationServer listen
INFO: New client connected
Oct 06, 2024 8:52:09 PM aggregationserver.AggregationServer listen
INFO: New client connected
Oct 06, 2024 8:55:20 PM aggregationserver.AggregationServer startup
INFO: Aggregation Server started on localhost:4567
Oct 06, 2024 8:55:20 PM aggregationserver.AggregationServer listen
INFO: Server is listening on port 4567
Oct 06, 2024 8:55:30 PM aggregationserver.AggregationServer listen
INFO: New client connected
Oct 06, 2024 9:02:32 PM aggregationserver.AggregationServer lambda$0
INFO: Shutdown hook triggered.
Oct 06, 2024 9:02:42 PM aggregationserver.AggregationServer startup
INFO: Aggregation Server started on localhost:4567
Oct 06, 2024 9:02:42 PM aggregationserver.AggregationServer listen
INFO: Server is listening on port 4567
Oct 06, 2024 9:02:45 PM aggregationserver.AggregationServer listen
INFO: New client connected
Oct 06, 2024 9:03:17 PM aggregationserver.AggregationServer lambda$main$0
INFO: Shutdown hook triggered.
Oct 06, 2024 9:03:21 PM aggregationserver.AggregationServer startup
INFO: Aggregation Server started on localhost:4567
Oct 06, 2024 9:03:21 PM aggregationserver.AggregationServer listen
INFO: Server is listening on port 4567
Oct 06, 2024 9:03:23 PM aggregationserver.AggregationServer listen
INFO: New client connected
Oct 06, 2024 9:15:54 PM aggregationserver.AggregationServer listen
INFO: New client connected
Oct 06, 2024 9:16:32 PM aggregationserver.AggregationServer lambda$main$0
INFO: Shutdown hook triggered.
Oct 06, 2024 9:16:40 PM aggregationserver.AggregationServer startup
INFO: Aggregation Server started on localhost:4567
Oct 06, 2024 9:16:40 PM aggregationserver.AggregationServer listen
INFO: Server is listening on port 4567
Oct 06, 2024 9:16:42 PM aggregationserver.AggregationServer listen
INFO: New client connected
Oct 06, 2024 9:16:51 PM aggregationserver.AggregationServer listen
INFO: New client connected
Oct 06, 2024 9:17:17 PM aggregationserver.AggregationServer listen
INFO: New client connected
Oct 06, 2024 9:17:18 PM aggregationserver.AggregationServer listen
INFO: New client connected
Oct 06, 2024 9:19:40 PM aggregationserver.AggregationServer listen
INFO: New client connected
Oct 06, 2024 9:19:50 PM aggregationserver.AggregationServer listen
INFO: New client connected
Oct 06, 2024 9:19:51 PM aggregationserver.AggregationServer listen
INFO: New client connected
Oct 06, 2024 9:20:50 PM aggregationserver.AggregationServer lambda$main$0
INFO: Shutdown hook triggered.
Oct 06, 2024 9:20:54 PM aggregationserver.AggregationServer startup
INFO: Aggregation Server started on localhost:4567
Oct 06, 2024 9:20:54 PM aggregationserver.AggregationServer listen
INFO: Server is listening on port 4567
Oct 06, 2024 9:20:56 PM aggregationserver.AggregationServer listen
INFO: New client connected
Oct 06, 2024 9:23:36 PM aggregationserver.AggregationServer lambda$0
INFO: Shutdown hook triggered.
Oct 06, 2024 9:23:38 PM aggregationserver.AggregationServer startup
INFO: Aggregation Server started on localhost:4567
Oct 06, 2024 9:23:38 PM aggregationserver.AggregationServer listen
INFO: Server is listening on port 4567
Oct 06, 2024 9:23:41 PM aggregationserver.AggregationServer listen
INFO: New client connected
Oct 06, 2024 9:24:56 PM aggregationserver.AggregationServer lambda$0
INFO: Shutdown hook triggered.
Oct 06, 2024 9:24:59 PM aggregationserver.AggregationServer startup
INFO: Aggregation Server started on localhost:4567
Oct 06, 2024 9:24:59 PM aggregationserver.AggregationServer listen
INFO: Server is listening on port 4567
Oct 06, 2024 9:25:00 PM aggregationserver.AggregationServer lambda$0
INFO: Shutdown hook triggered.
Oct 06, 2024 9:25:08 PM aggregationserver.AggregationServer startup
INFO: Aggregation Server started on localhost:4567
Oct 06, 2024 9:25:08 PM aggregationserver.AggregationServer listen
INFO: Server is listening on port 4567
Oct 06, 2024 9:25:21 PM aggregationserver.AggregationServer lambda$0
INFO: Shutdown hook triggered.
Oct 06, 2024 9:25:29 PM aggregationserver.AggregationServer startup
INFO: Aggregation Server started on localhost:4567
Oct 06, 2024 9:25:29 PM aggregationserver.AggregationServer listen
INFO: Server is listening on port 4567
Oct 06, 2024 9:26:15 PM aggregationserver.AggregationServer lambda$0
INFO: Shutdown hook triggered.
Oct 06, 2024 9:26:22 PM aggregationserver.AggregationServer startup
INFO: Aggregation Server started on localhost:4567
Oct 06, 2024 9:26:22 PM aggregationserver.AggregationServer listen
INFO: Server is listening on port 4567
Oct 06, 2024 9:26:27 PM aggregationserver.AggregationServer listen
INFO: New client connected
Oct 06, 2024 9:26:37 PM aggregationserver.AggregationServer listen
INFO: New client connected
Oct 06, 2024 9:26:40 PM aggregationserver.AggregationServer listen
INFO: New client connected
Oct 06, 2024 9:26:42 PM aggregationserver.AggregationServer listen
INFO: New client connected
Oct 06, 2024 9:26:52 PM aggregationserver.AggregationServer listen
INFO: New client connected
Oct 06, 2024 9:26:59 PM aggregationserver.AggregationServer listen
INFO: New client connected
Oct 06, 2024 11:01:28 PM aggregationserver.AggregationServer lambda$0
INFO: Shutdown hook triggered.
Oct 06, 2024 11:01:34 PM aggregationserver.AggregationServer startup
INFO: Aggregation Server started on localhost:4567
Oct 06, 2024 11:01:34 PM aggregationserver.AggregationServer listen
INFO: Server is listening on port 4567
Oct 06, 2024 11:01:37 PM aggregationserver.AggregationServer listen
INFO: New client connected
Oct 06, 2024 11:03:52 PM aggregationserver.AggregationServer lambda$main$0
INFO: Shutdown hook triggered.
Oct 06, 2024 11:04:15 PM aggregationserver.AggregationServer startup
INFO: Aggregation Server started on localhost:4567
Oct 06, 2024 11:04:15 PM aggregationserver.AggregationServer listen
INFO: Server is listening on port 4567
Oct 06, 2024 11:04:18 PM aggregationserver.AggregationServer listen
INFO: New client connected
Oct 06, 2024 11:15:59 PM aggregationserver.AggregationServer listen
INFO: New client connected
Oct 06, 2024 11:16:50 PM aggregationserver.AggregationServer listen
INFO: New client connected
Oct 06, 2024 11:18:03 PM aggregationserver.AggregationServer lambda$main$0
INFO: Shutdown hook triggered.
Oct 06, 2024 11:18:05 PM aggregationserver.AggregationServer startup
INFO: Aggregation Server started on localhost:4567
Oct 06, 2024 11:18:05 PM aggregationserver.AggregationServer listen
INFO: Server is listening on port 4567
Oct 06, 2024 11:18:07 PM aggregationserver.AggregationServer listen
INFO: New client connected
Oct 06, 2024 11:19:07 PM aggregationserver.AggregationServer lambda$main$0
INFO: Shutdown hook triggered.
Oct 06, 2024 11:19:09 PM aggregationserver.AggregationServer startup
INFO: Aggregation Server started on localhost:4567
Oct 06, 2024 11:19:09 PM aggregationserver.AggregationServer listen
INFO: Server is listening on port 4567
Oct 06, 2024 11:19:17 PM aggregationserver.AggregationServer listen
INFO: New client connected
Oct 06, 2024 11:21:03 PM aggregationserver.AggregationServer listen
INFO: New client connected
Oct 06, 2024 11:21:15 PM aggregationserver.AggregationServer listen
INFO: New client connected
Oct 06, 2024 11:21:39 PM aggregationserver.AggregationServer lambda$main$0
INFO: Shutdown hook triggered.
Oct 06, 2024 11:21:56 PM aggregationserver.AggregationServer startup
INFO: Aggregation Server started on localhost:4567
Oct 06, 2024 11:21:56 PM aggregationserver.AggregationServer listen
INFO: Server is listening on port 4567
Oct 06, 2024 11:22:09 PM aggregationserver.AggregationServer lambda$0
INFO: Shutdown hook triggered.
Oct 06, 2024 11:22:10 PM aggregationserver.AggregationServer startup
INFO: Aggregation Server started on localhost:4567
Oct 06, 2024 11:22:10 PM aggregationserver.AggregationServer listen
INFO: Server is listening on port 4567
Oct 06, 2024 11:22:13 PM aggregationserver.AggregationServer listen
INFO: New client connected
Oct 07, 2024 8:41:28 AM aggregationserver.AggregationServer startup
INFO: Aggregation Server started on localhost:4567
Oct 07, 2024 8:41:28 AM aggregationserver.AggregationServer listen
INFO: Server is listening on port 4567
Oct 07, 2024 8:41:31 AM aggregationserver.AggregationServer listen
INFO: New client connected
Oct 07, 2024 8:41:42 AM aggregationserver.AggregationServer listen
INFO: New client connected
Oct 07, 2024 8:41:42 AM aggregationserver.AggregationServer handleGetRequest
SEVERE: Unknown path requested: 
Oct 07, 2024 8:49:14 AM aggregationserver.AggregationServer lambda$main$0
INFO: Shutdown hook triggered.
Oct 07, 2024 8:49:44 AM aggregationserver.AggregationServer startup
INFO: Aggregation Server started on localhost:4567
Oct 07, 2024 8:49:44 AM aggregationserver.AggregationServer listen
INFO: Server is listening on port 4567
Oct 07, 2024 8:49:53 AM aggregationserver.AggregationServer listen
INFO: New client connected
Oct 07, 2024 8:49:53 AM aggregationserver.AggregationServer handleGetRequest
SEVERE: Unknown path requested: 
Oct 07, 2024 8:50:02 AM aggregationserver.AggregationServer listen
INFO: New client connected
Oct 07, 2024 9:02:11 AM aggregationserver.AggregationServer lambda$main$0
INFO: Shutdown hook triggered.
Oct 07, 2024 9:15:19 AM aggregationserver.AggregationServer startup
INFO: Aggregation Server started on localhost:4567
Oct 07, 2024 9:15:19 AM aggregationserver.AggregationServer listen
SEVERE: Error while listening for connections
java.net.BindException: Address already in use
	at java.base/sun.nio.ch.Net.bind0(Native Method)
	at java.base/sun.nio.ch.Net.bind(Net.java:565)
	at java.base/sun.nio.ch.Net.bind(Net.java:554)
	at java.base/sun.nio.ch.NioSocketImpl.bind(NioSocketImpl.java:636)
	at java.base/java.net.ServerSocket.bind(ServerSocket.java:390)
	at java.base/java.net.ServerSocket.<init>(ServerSocket.java:277)
	at java.base/java.net.ServerSocket.<init>(ServerSocket.java:170)
	at aggregationserver.AggregationServer.listen(AggregationServer.java:122)
	at aggregationserver.AggregationServer.run(AggregationServer.java:117)
	at java.base/java.lang.Thread.run(Thread.java:1570)

Oct 07, 2024 9:15:35 AM aggregationserver.AggregationServer lambda$main$0
INFO: Shutdown hook triggered.
Oct 07, 2024 9:15:39 AM aggregationserver.AggregationServer startup
INFO: Aggregation Server started on localhost:4567
Oct 07, 2024 9:15:39 AM aggregationserver.AggregationServer listen
INFO: Server is listening on port 4567
Oct 07, 2024 9:15:46 AM aggregationserver.AggregationServer listen
INFO: New client connected
Oct 07, 2024 9:16:44 AM aggregationserver.AggregationServer listen
INFO: New client connected
Oct 07, 2024 9:16:53 AM aggregationserver.AggregationServer lambda$main$0
INFO: Shutdown hook triggered.
Oct 07, 2024 9:26:42 AM aggregationserver.AggregationServer startup
INFO: Aggregation Server started on localhost:4567
Oct 07, 2024 9:26:42 AM aggregationserver.AggregationServer listen
INFO: Server is listening on port 4567
Oct 07, 2024 9:26:44 AM aggregationserver.AggregationServer listen
INFO: New client connected
