Oct 07, 2024 11:38:53 AM contentserver.ContentServer startup
INFO: Content Server started on localhost:4567
Oct 07, 2024 11:38:53 AM contentserver.ContentServer readFileToWeatherData
INFO: Reading weather data from file: ./data/ContentServerData/weather.txt
Oct 07, 2024 11:38:53 AM contentserver.ContentServer sendPutRequest
INFO: Sending PUT request to localhost:4567
Oct 07, 2024 11:38:53 AM contentserver.ContentServer sendPutRequest
SEVERE: Error while sending PUT request
java.net.SocketException: Connection reset
	at java.base/sun.nio.ch.NioSocketImpl.implRead(NioSocketImpl.java:318)
	at java.base/sun.nio.ch.NioSocketImpl.read(NioSocketImpl.java:346)
	at java.base/sun.nio.ch.NioSocketImpl$1.read(NioSocketImpl.java:796)
	at java.base/java.net.Socket$SocketInputStream.implRead(Socket.java:1108)
	at java.base/java.net.Socket$SocketInputStream.read(Socket.java:1095)
	at java.base/sun.nio.cs.StreamDecoder.readBytes(StreamDecoder.java:350)
	at java.base/sun.nio.cs.StreamDecoder.implRead(StreamDecoder.java:393)
	at java.base/sun.nio.cs.StreamDecoder.lockedRead(StreamDecoder.java:217)
	at java.base/sun.nio.cs.StreamDecoder.read(StreamDecoder.java:171)
	at java.base/java.io.InputStreamReader.read(InputStreamReader.java:186)
	at java.base/java.io.BufferedReader.fill(BufferedReader.java:160)
	at java.base/java.io.BufferedReader.implReadLine(BufferedReader.java:370)
	at java.base/java.io.BufferedReader.readLine(BufferedReader.java:347)
	at java.base/java.io.BufferedReader.readLine(BufferedReader.java:436)
	at contentserver.ContentServer.sendPutRequest(ContentServer.java:113)
	at contentserver.ContentServer.makePutRequest(ContentServer.java:172)
	at contentserver.ContentServer.run(ContentServer.java:182)
	at java.base/java.lang.Thread.run(Thread.java:1570)

Oct 07, 2024 11:38:53 AM contentserver.ContentServer shutdown
INFO: Content Server shutting down.
Oct 07, 2024 11:39:26 AM contentserver.ContentServer startup
INFO: Content Server started on localhost:4567
Oct 07, 2024 11:39:26 AM contentserver.ContentServer readFileToWeatherData
INFO: Reading weather data from file: ./data/ContentServerData/weather.txt
Oct 07, 2024 11:39:26 AM contentserver.ContentServer sendPutRequest
INFO: Sending PUT request to localhost:4567
Oct 07, 2024 11:39:26 AM contentserver.ContentServer sendPutRequest
INFO: Server response: HTTP/1.1 200 OK
Content-Type: text/plain
Content-Length: 31

OK - Successful PUT/GET request

Oct 07, 2024 11:39:26 AM contentserver.ContentServer shutdown
INFO: Content Server shutting down.
Oct 07, 2024 11:40:23 AM contentserver.ContentServer startup
INFO: Content Server started on localhost:4567
Oct 07, 2024 11:40:23 AM contentserver.ContentServer readFileToWeatherData
INFO: Reading weather data from file: ./data/ContentServerData/weather.txt
Oct 07, 2024 11:40:23 AM contentserver.ContentServer sendPutRequest
INFO: Sending PUT request to localhost:4567
Oct 07, 2024 11:40:23 AM contentserver.ContentServer sendPutRequest
INFO: Server response: HTTP/1.1 200 OK
Content-Type: text/plain
Content-Length: 31

OK - Successful PUT/GET request

Oct 07, 2024 11:40:23 AM contentserver.ContentServer shutdown
INFO: Content Server shutting down.
Oct 07, 2024 11:56:15 AM contentserver.ContentServer startup
INFO: Content Server started on localhost:4567
Oct 07, 2024 11:56:15 AM contentserver.ContentServer readFileToWeatherData
INFO: Reading weather data from file: ./data/ContentServerData/weather.txt
Oct 07, 2024 11:56:15 AM contentserver.ContentServer sendPutRequest
INFO: Sending PUT request to localhost:4567
Oct 07, 2024 11:56:15 AM contentserver.ContentServer sendPutRequest
INFO: Server response: HTTP/1.1 200 OK
Content-Type: text/plain
Content-Length: 31

OK - Successful PUT/GET request

Oct 07, 2024 11:56:15 AM contentserver.ContentServer shutdown
INFO: Content Server shutting down.
Oct 07, 2024 11:56:27 AM contentserver.ContentServer startup
INFO: Content Server started on localhost:4567
Oct 07, 2024 11:56:27 AM contentserver.ContentServer readFileToWeatherData
INFO: Reading weather data from file: ./data/ContentServerData/weather.txt
Oct 07, 2024 11:56:27 AM contentserver.ContentServer sendPutRequest
INFO: Sending PUT request to localhost:4567
Oct 07, 2024 11:56:27 AM contentserver.ContentServer sendPutRequest
INFO: Server response: HTTP/1.1 200 OK
Content-Type: text/plain
Content-Length: 31

OK - Successful PUT/GET request

Oct 07, 2024 11:56:27 AM contentserver.ContentServer shutdown
INFO: Content Server shutting down.
Oct 07, 2024 11:56:52 AM contentserver.ContentServer startup
INFO: Content Server started on localhost:4567
Oct 07, 2024 11:56:52 AM contentserver.ContentServer readFileToWeatherData
INFO: Reading weather data from file: ./data/ContentServerData/weather.txt
Oct 07, 2024 11:56:52 AM contentserver.ContentServer sendPutRequest
INFO: Sending PUT request to localhost:4567
Oct 07, 2024 11:56:52 AM contentserver.ContentServer sendPutRequest
INFO: Server response: HTTP/1.1 200 OK
Content-Type: text/plain
Content-Length: 31

OK - Successful PUT/GET request

Oct 07, 2024 11:56:52 AM contentserver.ContentServer shutdown
INFO: Content Server shutting down.
Oct 07, 2024 11:56:58 AM contentserver.ContentServer startup
INFO: Content Server started on localhost:4567
Oct 07, 2024 11:56:58 AM contentserver.ContentServer readFileToWeatherData
INFO: Reading weather data from file: ./data/ContentServerData/weather.txt
Oct 07, 2024 11:56:58 AM contentserver.ContentServer sendPutRequest
INFO: Sending PUT request to localhost:4567
Oct 07, 2024 11:56:58 AM contentserver.ContentServer sendPutRequest
INFO: Server response: HTTP/1.1 200 OK
Content-Type: text/plain
Content-Length: 31

OK - Successful PUT/GET request

Oct 07, 2024 11:56:58 AM contentserver.ContentServer shutdown
INFO: Content Server shutting down.
